{"C:\\Users\\Sam\\ai-coding\\webtop\\.claude\\worktrees\\agent1-android-app\\src\\App.css": {"path":"C:\\Users\\Sam\\ai-coding\\webtop\\.claude\\worktrees\\agent1-android-app\\src\\App.css","statementMap":{},"fnMap":{},"branchMap":{},"s":{},"f":{},"b":{},"meta":{"lastBranch":0,"lastFunction":0,"lastStatement":0,"seen":{},"fnNames":{}}}
,"C:\\Users\\Sam\\ai-coding\\webtop\\.claude\\worktrees\\agent1-android-app\\src\\App.jsx": {"path":"C:\\Users\\Sam\\ai-coding\\webtop\\.claude\\worktrees\\agent1-android-app\\src\\App.jsx","statementMap":{"0":{"start":{"line":18,"column":26},"end":{"line":18,"column":null}},"1":{"start":{"line":19,"column":42},"end":{"line":19,"column":null}},"2":{"start":{"line":21,"column":36},"end":{"line":21,"column":null}},"3":{"start":{"line":22,"column":23},"end":{"line":22,"column":35}},"4":{"start":{"line":54,"column":6},"end":{"line":54,"column":20}},"5":{"start":{"line":56,"column":17},"end":{"line":56,"column":null}},"6":{"start":{"line":58,"column":2},"end":{"line":136,"column":null}},"7":{"start":{"line":68,"column":49},"end":{"line":68,"column":74}},"8":{"start":{"line":68,"column":74},"end":{"line":68,"column":98}},"9":{"start":{"line":93,"column":36},"end":{"line":93,"column":null}},"10":{"start":{"line":96,"column":39},"end":{"line":96,"column":null}},"11":{"start":{"line":102,"column":31},"end":{"line":102,"column":null}},"12":{"start":{"line":122,"column":26},"end":{"line":122,"column":null}},"13":{"start":{"line":141,"column":32},"end":{"line":141,"column":null}},"14":{"start":{"line":143,"column":2},"end":{"line":160,"column":null}},"15":{"start":{"line":147,"column":4},"end":{"line":150,"column":null}},"16":{"start":{"line":148,"column":6},"end":{"line":148,"column":null}},"17":{"start":{"line":148,"column":25},"end":{"line":148,"column":null}},"18":{"start":{"line":149,"column":6},"end":{"line":149,"column":null}},"19":{"start":{"line":151,"column":39},"end":{"line":158,"column":null}},"20":{"start":{"line":152,"column":6},"end":{"line":156,"column":null}},"21":{"start":{"line":153,"column":8},"end":{"line":153,"column":null}},"22":{"start":{"line":154,"column":13},"end":{"line":156,"column":null}},"23":{"start":{"line":155,"column":8},"end":{"line":155,"column":null}},"24":{"start":{"line":157,"column":6},"end":{"line":157,"column":null}},"25":{"start":{"line":159,"column":4},"end":{"line":159,"column":null}},"26":{"start":{"line":159,"column":17},"end":{"line":159,"column":null}},"27":{"start":{"line":162,"column":2},"end":{"line":164,"column":null}},"28":{"start":{"line":163,"column":4},"end":{"line":163,"column":null}},"29":{"start":{"line":166,"column":2},"end":{"line":168,"column":null}},"30":{"start":{"line":167,"column":4},"end":{"line":167,"column":null}},"31":{"start":{"line":170,"column":2},"end":{"line":170,"column":null}}},"fnMap":{"0":{"name":"HomescreenApp","decl":{"start":{"line":17,"column":9},"end":{"line":17,"column":25}},"loc":{"start":{"line":17,"column":25},"end":{"line":138,"column":null}},"line":17},"1":{"name":"(anonymous_1)","decl":{"start":{"line":68,"column":12},"end":{"line":68,"column":27}},"loc":{"start":{"line":68,"column":47},"end":{"line":68,"column":null}},"line":68},"2":{"name":"(anonymous_2)","decl":{"start":{"line":93,"column":14},"end":{"line":93,"column":36}},"loc":{"start":{"line":93,"column":36},"end":{"line":93,"column":null}},"line":93},"3":{"name":"(anonymous_3)","decl":{"start":{"line":96,"column":14},"end":{"line":96,"column":39}},"loc":{"start":{"line":96,"column":39},"end":{"line":96,"column":null}},"line":96},"4":{"name":"(anonymous_4)","decl":{"start":{"line":102,"column":14},"end":{"line":102,"column":23}},"loc":{"start":{"line":102,"column":31},"end":{"line":102,"column":null}},"line":102},"5":{"name":"(anonymous_5)","decl":{"start":{"line":122,"column":12},"end":{"line":122,"column":26}},"loc":{"start":{"line":122,"column":26},"end":{"line":122,"column":null}},"line":122},"6":{"name":"App","decl":{"start":{"line":140,"column":24},"end":{"line":140,"column":30}},"loc":{"start":{"line":140,"column":30},"end":{"line":171,"column":null}},"line":140},"7":{"name":"(anonymous_7)","decl":{"start":{"line":143,"column":2},"end":{"line":143,"column":18}},"loc":{"start":{"line":143,"column":18},"end":{"line":160,"column":5}},"line":143},"8":{"name":"(anonymous_8)","decl":{"start":{"line":147,"column":31},"end":{"line":147,"column":37}},"loc":{"start":{"line":147,"column":63},"end":{"line":150,"column":5}},"line":147},"9":{"name":"(anonymous_9)","decl":{"start":{"line":151,"column":53},"end":{"line":151,"column":72}},"loc":{"start":{"line":151,"column":91},"end":{"line":158,"column":5}},"line":151},"10":{"name":"(anonymous_10)","decl":{"start":{"line":159,"column":4},"end":{"line":159,"column":17}},"loc":{"start":{"line":159,"column":17},"end":{"line":159,"column":null}},"line":159}},"branchMap":{"0":{"loc":{"start":{"line":60,"column":33},"end":{"line":60,"column":null}},"type":"cond-expr","locations":[{"start":{"line":60,"column":55},"end":{"line":60,"column":79}},{"start":{"line":60,"column":79},"end":{"line":60,"column":null}}],"line":60},"1":{"loc":{"start":{"line":71,"column":43},"end":{"line":71,"column":null}},"type":"cond-expr","locations":[{"start":{"line":71,"column":63},"end":{"line":71,"column":77}},{"start":{"line":71,"column":77},"end":{"line":71,"column":null}}],"line":71},"2":{"loc":{"start":{"line":108,"column":11},"end":{"line":116,"column":null}},"type":"binary-expr","locations":[{"start":{"line":108,"column":11},"end":{"line":108,"column":null}},{"start":{"line":109,"column":12},"end":{"line":116,"column":null}}],"line":108},"3":{"loc":{"start":{"line":148,"column":6},"end":{"line":148,"column":null}},"type":"if","locations":[{"start":{"line":148,"column":6},"end":{"line":148,"column":null}},{"start":{},"end":{}}],"line":148},"4":{"loc":{"start":{"line":152,"column":6},"end":{"line":156,"column":null}},"type":"if","locations":[{"start":{"line":152,"column":6},"end":{"line":156,"column":null}},{"start":{"line":154,"column":13},"end":{"line":156,"column":null}}],"line":152},"5":{"loc":{"start":{"line":154,"column":13},"end":{"line":156,"column":null}},"type":"if","locations":[{"start":{"line":154,"column":13},"end":{"line":156,"column":null}},{"start":{},"end":{}}],"line":154},"6":{"loc":{"start":{"line":162,"column":2},"end":{"line":164,"column":null}},"type":"if","locations":[{"start":{"line":162,"column":2},"end":{"line":164,"column":null}},{"start":{},"end":{}}],"line":162},"7":{"loc":{"start":{"line":166,"column":2},"end":{"line":168,"column":null}},"type":"if","locations":[{"start":{"line":166,"column":2},"end":{"line":168,"column":null}},{"start":{},"end":{}}],"line":166}},"s":{"0":0,"1":0,"2":0,"3":0,"4":0,"5":0,"6":0,"7":0,"8":0,"9":0,"10":0,"11":0,"12":0,"13":0,"14":0,"15":0,"16":0,"17":0,"18":0,"19":0,"20":0,"21":0,"22":0,"23":0,"24":0,"25":0,"26":0,"27":0,"28":0,"29":0,"30":0,"31":0},"f":{"0":0,"1":0,"2":0,"3":0,"4":0,"5":0,"6":0,"7":0,"8":0,"9":0,"10":0},"b":{"0":[0,0],"1":[0,0],"2":[0,0],"3":[0,0],"4":[0,0],"5":[0,0],"6":[0,0],"7":[0,0]},"meta":{"lastBranch":8,"lastFunction":11,"lastStatement":32,"seen":{"f:17:9:17:25":0,"s:18:26:18:Infinity":0,"s:19:42:19:Infinity":1,"s:21:36:21:Infinity":2,"s:22:23:22:35":3,"s:54:6:54:20":4,"s:56:17:56:Infinity":5,"s:58:2:136:Infinity":6,"b:60:55:60:79:60:79:60:Infinity":0,"f:68:12:68:27":1,"s:68:49:68:74":7,"s:68:74:68:98":8,"b:71:63:71:77:71:77:71:Infinity":1,"f:93:14:93:36":2,"s:93:36:93:Infinity":9,"f:96:14:96:39":3,"s:96:39:96:Infinity":10,"f:102:14:102:23":4,"s:102:31:102:Infinity":11,"b:108:11:108:Infinity:109:12:116:Infinity":2,"f:122:12:122:26":5,"s:122:26:122:Infinity":12,"f:140:24:140:30":6,"s:141:32:141:Infinity":13,"s:143:2:160:Infinity":14,"f:143:2:143:18":7,"s:147:4:150:Infinity":15,"f:147:31:147:37":8,"b:148:6:148:Infinity:undefined:undefined:undefined:undefined":3,"s:148:6:148:Infinity":16,"s:148:25:148:Infinity":17,"s:149:6:149:Infinity":18,"s:151:39:158:Infinity":19,"f:151:53:151:72":9,"b:152:6:156:Infinity:154:13:156:Infinity":4,"s:152:6:156:Infinity":20,"s:153:8:153:Infinity":21,"b:154:13:156:Infinity:undefined:undefined:undefined:undefined":5,"s:154:13:156:Infinity":22,"s:155:8:155:Infinity":23,"s:157:6:157:Infinity":24,"s:159:4:159:Infinity":25,"f:159:4:159:17":10,"s:159:17:159:Infinity":26,"b:162:2:164:Infinity:undefined:undefined:undefined:undefined":6,"s:162:2:164:Infinity":27,"s:163:4:163:Infinity":28,"b:166:2:168:Infinity:undefined:undefined:undefined:undefined":7,"s:166:2:168:Infinity":29,"s:167:4:167:Infinity":30,"s:170:2:170:Infinity":31},"fnNames":{}}}
,"C:\\Users\\Sam\\ai-coding\\webtop\\.claude\\worktrees\\agent1-android-app\\src\\index.css": {"path":"C:\\Users\\Sam\\ai-coding\\webtop\\.claude\\worktrees\\agent1-android-app\\src\\index.css","statementMap":{},"fnMap":{},"branchMap":{},"s":{},"f":{},"b":{},"meta":{"lastBranch":0,"lastFunction":0,"lastStatement":0,"seen":{},"fnNames":{}}}
,"C:\\Users\\Sam\\ai-coding\\webtop\\.claude\\worktrees\\agent1-android-app\\src\\components\\AddBookmarkModal\\AddBookmarkModal.css": {"path":"C:\\Users\\Sam\\ai-coding\\webtop\\.claude\\worktrees\\agent1-android-app\\src\\components\\AddBookmarkModal\\AddBookmarkModal.css","statementMap":{},"fnMap":{},"branchMap":{},"s":{},"f":{},"b":{},"meta":{"lastBranch":0,"lastFunction":0,"lastStatement":0,"seen":{},"fnNames":{}}}
,"C:\\Users\\Sam\\ai-coding\\webtop\\.claude\\worktrees\\agent1-android-app\\src\\components\\AddBookmarkModal\\AddBookmarkModal.jsx": {"path":"C:\\Users\\Sam\\ai-coding\\webtop\\.claude\\worktrees\\agent1-android-app\\src\\components\\AddBookmarkModal\\AddBookmarkModal.jsx","statementMap":{"0":{"start":{"line":5,"column":2},"end":{"line":10,"column":null}},"1":{"start":{"line":6,"column":16},"end":{"line":6,"column":null}},"2":{"start":{"line":7,"column":4},"end":{"line":7,"column":null}},"3":{"start":{"line":9,"column":4},"end":{"line":9,"column":null}},"4":{"start":{"line":14,"column":2},"end":{"line":22,"column":null}},"5":{"start":{"line":15,"column":19},"end":{"line":15,"column":null}},"6":{"start":{"line":16,"column":19},"end":{"line":16,"column":null}},"7":{"start":{"line":17,"column":18},"end":{"line":17,"column":null}},"8":{"start":{"line":18,"column":19},"end":{"line":18,"column":null}},"9":{"start":{"line":19,"column":4},"end":{"line":19,"column":null}},"10":{"start":{"line":21,"column":4},"end":{"line":21,"column":null}},"11":{"start":{"line":26,"column":24},"end":{"line":26,"column":null}},"12":{"start":{"line":27,"column":24},"end":{"line":27,"column":null}},"13":{"start":{"line":28,"column":26},"end":{"line":28,"column":null}},"14":{"start":{"line":29,"column":38},"end":{"line":29,"column":null}},"15":{"start":{"line":30,"column":34},"end":{"line":30,"column":null}},"16":{"start":{"line":31,"column":36},"end":{"line":31,"column":null}},"17":{"start":{"line":32,"column":48},"end":{"line":32,"column":null}},"18":{"start":{"line":33,"column":22},"end":{"line":33,"column":null}},"19":{"start":{"line":35,"column":2},"end":{"line":37,"column":null}},"20":{"start":{"line":36,"column":4},"end":{"line":36,"column":null}},"21":{"start":{"line":36,"column":28},"end":{"line":36,"column":null}},"22":{"start":{"line":39,"column":26},"end":{"line":48,"column":null}},"23":{"start":{"line":40,"column":16},"end":{"line":40,"column":null}},"24":{"start":{"line":41,"column":4},"end":{"line":41,"column":null}},"25":{"start":{"line":42,"column":4},"end":{"line":42,"column":null}},"26":{"start":{"line":44,"column":4},"end":{"line":47,"column":null}},"27":{"start":{"line":45,"column":22},"end":{"line":45,"column":null}},"28":{"start":{"line":46,"column":6},"end":{"line":46,"column":null}},"29":{"start":{"line":46,"column":19},"end":{"line":46,"column":null}},"30":{"start":{"line":50,"column":30},"end":{"line":52,"column":null}},"31":{"start":{"line":51,"column":4},"end":{"line":51,"column":null}},"32":{"start":{"line":51,"column":38},"end":{"line":51,"column":null}},"33":{"start":{"line":54,"column":2},"end":{"line":58,"column":null}},"34":{"start":{"line":55,"column":10},"end":{"line":55,"column":null}},"35":{"start":{"line":55,"column":29},"end":{"line":55,"column":63}},"36":{"start":{"line":55,"column":53},"end":{"line":55,"column":63}},"37":{"start":{"line":56,"column":4},"end":{"line":56,"column":null}},"38":{"start":{"line":57,"column":4},"end":{"line":57,"column":null}},"39":{"start":{"line":57,"column":17},"end":{"line":57,"column":null}},"40":{"start":{"line":60,"column":31},"end":{"line":83,"column":null}},"41":{"start":{"line":61,"column":4},"end":{"line":61,"column":null}},"42":{"start":{"line":62,"column":16},"end":{"line":62,"column":null}},"43":{"start":{"line":65,"column":19},"end":{"line":65,"column":null}},"44":{"start":{"line":66,"column":4},"end":{"line":68,"column":null}},"45":{"start":{"line":67,"column":6},"end":{"line":67,"column":null}},"46":{"start":{"line":70,"column":4},"end":{"line":73,"column":null}},"47":{"start":{"line":71,"column":6},"end":{"line":71,"column":null}},"48":{"start":{"line":72,"column":6},"end":{"line":72,"column":null}},"49":{"start":{"line":74,"column":22},"end":{"line":74,"column":null}},"50":{"start":{"line":75,"column":4},"end":{"line":78,"column":null}},"51":{"start":{"line":76,"column":6},"end":{"line":76,"column":null}},"52":{"start":{"line":77,"column":6},"end":{"line":77,"column":null}},"53":{"start":{"line":80,"column":4},"end":{"line":80,"column":null}},"54":{"start":{"line":80,"column":16},"end":{"line":80,"column":null}},"55":{"start":{"line":81,"column":4},"end":{"line":81,"column":null}},"56":{"start":{"line":82,"column":4},"end":{"line":82,"column":null}},"57":{"start":{"line":85,"column":29},"end":{"line":94,"column":null}},"58":{"start":{"line":86,"column":4},"end":{"line":86,"column":null}},"59":{"start":{"line":87,"column":20},"end":{"line":87,"column":null}},"60":{"start":{"line":88,"column":4},"end":{"line":91,"column":null}},"61":{"start":{"line":89,"column":6},"end":{"line":89,"column":null}},"62":{"start":{"line":90,"column":6},"end":{"line":90,"column":null}},"63":{"start":{"line":92,"column":4},"end":{"line":92,"column":null}},"64":{"start":{"line":93,"column":4},"end":{"line":93,"column":null}},"65":{"start":{"line":96,"column":2},"end":{"line":172,"column":null}},"66":{"start":{"line":107,"column":29},"end":{"line":107,"column":49}},"67":{"start":{"line":107,"column":49},"end":{"line":107,"column":66}},"68":{"start":{"line":107,"column":66},"end":{"line":107,"column":83}},"69":{"start":{"line":113,"column":29},"end":{"line":113,"column":47}},"70":{"start":{"line":113,"column":47},"end":{"line":113,"column":70}},"71":{"start":{"line":142,"column":35},"end":{"line":142,"column":60}},"72":{"start":{"line":142,"column":60},"end":{"line":142,"column":77}},"73":{"start":{"line":161,"column":35},"end":{"line":161,"column":66}},"74":{"start":{"line":161,"column":66},"end":{"line":161,"column":89}}},"fnMap":{"0":{"name":"isValidUrl","decl":{"start":{"line":4,"column":9},"end":{"line":4,"column":20}},"loc":{"start":{"line":4,"column":25},"end":{"line":11,"column":null}},"line":4},"1":{"name":"guessNameFromUrl","decl":{"start":{"line":13,"column":9},"end":{"line":13,"column":26}},"loc":{"start":{"line":13,"column":31},"end":{"line":23,"column":null}},"line":13},"2":{"name":"AddBookmarkModal","decl":{"start":{"line":25,"column":24},"end":{"line":25,"column":41}},"loc":{"start":{"line":25,"column":82},"end":{"line":174,"column":null}},"line":25},"3":{"name":"(anonymous_3)","decl":{"start":{"line":35,"column":2},"end":{"line":35,"column":18}},"loc":{"start":{"line":35,"column":18},"end":{"line":37,"column":5}},"line":35},"4":{"name":"(anonymous_4)","decl":{"start":{"line":39,"column":26},"end":{"line":39,"column":39}},"loc":{"start":{"line":39,"column":45},"end":{"line":48,"column":5}},"line":39},"5":{"name":"(anonymous_5)","decl":{"start":{"line":50,"column":30},"end":{"line":50,"column":43}},"loc":{"start":{"line":50,"column":49},"end":{"line":52,"column":5}},"line":50},"6":{"name":"(anonymous_6)","decl":{"start":{"line":54,"column":2},"end":{"line":54,"column":18}},"loc":{"start":{"line":54,"column":18},"end":{"line":58,"column":5}},"line":54},"7":{"name":"(anonymous_7)","decl":{"start":{"line":55,"column":10},"end":{"line":55,"column":21}},"loc":{"start":{"line":55,"column":27},"end":{"line":55,"column":null}},"line":55},"8":{"name":"(anonymous_8)","decl":{"start":{"line":57,"column":4},"end":{"line":57,"column":17}},"loc":{"start":{"line":57,"column":17},"end":{"line":57,"column":null}},"line":57},"9":{"name":"(anonymous_9)","decl":{"start":{"line":60,"column":31},"end":{"line":60,"column":44}},"loc":{"start":{"line":60,"column":50},"end":{"line":83,"column":5}},"line":60},"10":{"name":"(anonymous_10)","decl":{"start":{"line":85,"column":29},"end":{"line":85,"column":42}},"loc":{"start":{"line":85,"column":48},"end":{"line":94,"column":5}},"line":85},"11":{"name":"(anonymous_11)","decl":{"start":{"line":107,"column":12},"end":{"line":107,"column":27}},"loc":{"start":{"line":107,"column":27},"end":{"line":107,"column":null}},"line":107},"12":{"name":"(anonymous_12)","decl":{"start":{"line":113,"column":12},"end":{"line":113,"column":27}},"loc":{"start":{"line":113,"column":27},"end":{"line":113,"column":null}},"line":113},"13":{"name":"(anonymous_13)","decl":{"start":{"line":142,"column":16},"end":{"line":142,"column":27}},"loc":{"start":{"line":142,"column":33},"end":{"line":142,"column":null}},"line":142},"14":{"name":"(anonymous_14)","decl":{"start":{"line":161,"column":16},"end":{"line":161,"column":27}},"loc":{"start":{"line":161,"column":33},"end":{"line":161,"column":null}},"line":161}},"branchMap":{"0":{"loc":{"start":{"line":7,"column":11},"end":{"line":7,"column":null}},"type":"binary-expr","locations":[{"start":{"line":7,"column":11},"end":{"line":7,"column":39}},{"start":{"line":7,"column":39},"end":{"line":7,"column":null}}],"line":7},"1":{"loc":{"start":{"line":36,"column":4},"end":{"line":36,"column":null}},"type":"if","locations":[{"start":{"line":36,"column":4},"end":{"line":36,"column":null}},{"start":{},"end":{}}],"line":36},"2":{"loc":{"start":{"line":44,"column":4},"end":{"line":47,"column":null}},"type":"if","locations":[{"start":{"line":44,"column":4},"end":{"line":47,"column":null}},{"start":{},"end":{}}],"line":44},"3":{"loc":{"start":{"line":44,"column":8},"end":{"line":44,"column":49}},"type":"binary-expr","locations":[{"start":{"line":44,"column":8},"end":{"line":44,"column":17}},{"start":{"line":44,"column":17},"end":{"line":44,"column":49}}],"line":44},"4":{"loc":{"start":{"line":46,"column":6},"end":{"line":46,"column":null}},"type":"if","locations":[{"start":{"line":46,"column":6},"end":{"line":46,"column":null}},{"start":{},"end":{}}],"line":46},"5":{"loc":{"start":{"line":51,"column":4},"end":{"line":51,"column":null}},"type":"if","locations":[{"start":{"line":51,"column":4},"end":{"line":51,"column":null}},{"start":{},"end":{}}],"line":51},"6":{"loc":{"start":{"line":55,"column":29},"end":{"line":55,"column":63}},"type":"if","locations":[{"start":{"line":55,"column":29},"end":{"line":55,"column":63}},{"start":{},"end":{}}],"line":55},"7":{"loc":{"start":{"line":66,"column":4},"end":{"line":68,"column":null}},"type":"if","locations":[{"start":{"line":66,"column":4},"end":{"line":68,"column":null}},{"start":{},"end":{}}],"line":66},"8":{"loc":{"start":{"line":66,"column":8},"end":{"line":66,"column":89}},"type":"binary-expr","locations":[{"start":{"line":66,"column":8},"end":{"line":66,"column":20}},{"start":{"line":66,"column":20},"end":{"line":66,"column":55}},{"start":{"line":66,"column":55},"end":{"line":66,"column":89}}],"line":66},"9":{"loc":{"start":{"line":70,"column":4},"end":{"line":73,"column":null}},"type":"if","locations":[{"start":{"line":70,"column":4},"end":{"line":73,"column":null}},{"start":{},"end":{}}],"line":70},"10":{"loc":{"start":{"line":74,"column":22},"end":{"line":74,"column":null}},"type":"binary-expr","locations":[{"start":{"line":74,"column":22},"end":{"line":74,"column":37}},{"start":{"line":74,"column":37},"end":{"line":74,"column":67}},{"start":{"line":74,"column":67},"end":{"line":74,"column":null}}],"line":74},"11":{"loc":{"start":{"line":75,"column":4},"end":{"line":78,"column":null}},"type":"if","locations":[{"start":{"line":75,"column":4},"end":{"line":78,"column":null}},{"start":{},"end":{}}],"line":75},"12":{"loc":{"start":{"line":80,"column":4},"end":{"line":80,"column":null}},"type":"if","locations":[{"start":{"line":80,"column":4},"end":{"line":80,"column":null}},{"start":{},"end":{}}],"line":80},"13":{"loc":{"start":{"line":88,"column":4},"end":{"line":91,"column":null}},"type":"if","locations":[{"start":{"line":88,"column":4},"end":{"line":91,"column":null}},{"start":{},"end":{}}],"line":88},"14":{"loc":{"start":{"line":106,"column":39},"end":{"line":106,"column":null}},"type":"cond-expr","locations":[{"start":{"line":106,"column":60},"end":{"line":106,"column":72}},{"start":{"line":106,"column":72},"end":{"line":106,"column":null}}],"line":106},"15":{"loc":{"start":{"line":112,"column":39},"end":{"line":112,"column":null}},"type":"cond-expr","locations":[{"start":{"line":112,"column":58},"end":{"line":112,"column":70}},{"start":{"line":112,"column":70},"end":{"line":112,"column":null}}],"line":112},"16":{"loc":{"start":{"line":119,"column":9},"end":{"line":169,"column":null}},"type":"cond-expr","locations":[{"start":{"line":120,"column":10},"end":{"line":152,"column":11}},{"start":{"line":152,"column":10},"end":{"line":169,"column":null}}],"line":119},"17":{"loc":{"start":{"line":125,"column":45},"end":{"line":125,"column":null}},"type":"cond-expr","locations":[{"start":{"line":125,"column":56},"end":{"line":125,"column":67}},{"start":{"line":125,"column":67},"end":{"line":125,"column":null}}],"line":125},"18":{"loc":{"start":{"line":133,"column":15},"end":{"line":133,"column":null}},"type":"binary-expr","locations":[{"start":{"line":133,"column":15},"end":{"line":133,"column":27}},{"start":{"line":133,"column":27},"end":{"line":133,"column":null}}],"line":133},"19":{"loc":{"start":{"line":138,"column":45},"end":{"line":138,"column":null}},"type":"cond-expr","locations":[{"start":{"line":138,"column":57},"end":{"line":138,"column":68}},{"start":{"line":138,"column":68},"end":{"line":138,"column":null}}],"line":138},"20":{"loc":{"start":{"line":145,"column":15},"end":{"line":145,"column":null}},"type":"binary-expr","locations":[{"start":{"line":145,"column":15},"end":{"line":145,"column":28}},{"start":{"line":145,"column":28},"end":{"line":145,"column":null}}],"line":145},"21":{"loc":{"start":{"line":156,"column":45},"end":{"line":156,"column":null}},"type":"cond-expr","locations":[{"start":{"line":156,"column":63},"end":{"line":156,"column":74}},{"start":{"line":156,"column":74},"end":{"line":156,"column":null}}],"line":156},"22":{"loc":{"start":{"line":164,"column":15},"end":{"line":164,"column":null}},"type":"binary-expr","locations":[{"start":{"line":164,"column":15},"end":{"line":164,"column":34}},{"start":{"line":164,"column":34},"end":{"line":164,"column":null}}],"line":164}},"s":{"0":0,"1":0,"2":0,"3":0,"4":0,"5":0,"6":0,"7":0,"8":0,"9":0,"10":0,"11":0,"12":0,"13":0,"14":0,"15":0,"16":0,"17":0,"18":0,"19":0,"20":0,"21":0,"22":0,"23":0,"24":0,"25":0,"26":0,"27":0,"28":0,"29":0,"30":0,"31":0,"32":0,"33":0,"34":0,"35":0,"36":0,"37":0,"38":0,"39":0,"40":0,"41":0,"42":0,"43":0,"44":0,"45":0,"46":0,"47":0,"48":0,"49":0,"50":0,"51":0,"52":0,"53":0,"54":0,"55":0,"56":0,"57":0,"58":0,"59":0,"60":0,"61":0,"62":0,"63":0,"64":0,"65":0,"66":0,"67":0,"68":0,"69":0,"70":0,"71":0,"72":0,"73":0,"74":0},"f":{"0":0,"1":0,"2":0,"3":0,"4":0,"5":0,"6":0,"7":0,"8":0,"9":0,"10":0,"11":0,"12":0,"13":0,"14":0},"b":{"0":[0,0],"1":[0,0],"2":[0,0],"3":[0,0],"4":[0,0],"5":[0,0],"6":[0,0],"7":[0,0],"8":[0,0,0],"9":[0,0],"10":[0,0,0],"11":[0,0],"12":[0,0],"13":[0,0],"14":[0,0],"15":[0,0],"16":[0,0],"17":[0,0],"18":[0,0],"19":[0,0],"20":[0,0],"21":[0,0],"22":[0,0]},"meta":{"lastBranch":23,"lastFunction":15,"lastStatement":75,"seen":{"f:4:9:4:20":0,"s:5:2:10:Infinity":0,"s:6:16:6:Infinity":1,"s:7:4:7:Infinity":2,"b:7:11:7:39:7:39:7:Infinity":0,"s:9:4:9:Infinity":3,"f:13:9:13:26":1,"s:14:2:22:Infinity":4,"s:15:19:15:Infinity":5,"s:16:19:16:Infinity":6,"s:17:18:17:Infinity":7,"s:18:19:18:Infinity":8,"s:19:4:19:Infinity":9,"s:21:4:21:Infinity":10,"f:25:24:25:41":2,"s:26:24:26:Infinity":11,"s:27:24:27:Infinity":12,"s:28:26:28:Infinity":13,"s:29:38:29:Infinity":14,"s:30:34:30:Infinity":15,"s:31:36:31:Infinity":16,"s:32:48:32:Infinity":17,"s:33:22:33:Infinity":18,"s:35:2:37:Infinity":19,"f:35:2:35:18":3,"b:36:4:36:Infinity:undefined:undefined:undefined:undefined":1,"s:36:4:36:Infinity":20,"s:36:28:36:Infinity":21,"s:39:26:48:Infinity":22,"f:39:26:39:39":4,"s:40:16:40:Infinity":23,"s:41:4:41:Infinity":24,"s:42:4:42:Infinity":25,"b:44:4:47:Infinity:undefined:undefined:undefined:undefined":2,"s:44:4:47:Infinity":26,"b:44:8:44:17:44:17:44:49":3,"s:45:22:45:Infinity":27,"b:46:6:46:Infinity:undefined:undefined:undefined:undefined":4,"s:46:6:46:Infinity":28,"s:46:19:46:Infinity":29,"s:50:30:52:Infinity":30,"f:50:30:50:43":5,"b:51:4:51:Infinity:undefined:undefined:undefined:undefined":5,"s:51:4:51:Infinity":31,"s:51:38:51:Infinity":32,"s:54:2:58:Infinity":33,"f:54:2:54:18":6,"s:55:10:55:Infinity":34,"f:55:10:55:21":7,"b:55:29:55:63:undefined:undefined:undefined:undefined":6,"s:55:29:55:63":35,"s:55:53:55:63":36,"s:56:4:56:Infinity":37,"s:57:4:57:Infinity":38,"f:57:4:57:17":8,"s:57:17:57:Infinity":39,"s:60:31:83:Infinity":40,"f:60:31:60:44":9,"s:61:4:61:Infinity":41,"s:62:16:62:Infinity":42,"s:65:19:65:Infinity":43,"b:66:4:68:Infinity:undefined:undefined:undefined:undefined":7,"s:66:4:68:Infinity":44,"b:66:8:66:20:66:20:66:55:66:55:66:89":8,"s:67:6:67:Infinity":45,"b:70:4:73:Infinity:undefined:undefined:undefined:undefined":9,"s:70:4:73:Infinity":46,"s:71:6:71:Infinity":47,"s:72:6:72:Infinity":48,"s:74:22:74:Infinity":49,"b:74:22:74:37:74:37:74:67:74:67:74:Infinity":10,"b:75:4:78:Infinity:undefined:undefined:undefined:undefined":11,"s:75:4:78:Infinity":50,"s:76:6:76:Infinity":51,"s:77:6:77:Infinity":52,"b:80:4:80:Infinity:undefined:undefined:undefined:undefined":12,"s:80:4:80:Infinity":53,"s:80:16:80:Infinity":54,"s:81:4:81:Infinity":55,"s:82:4:82:Infinity":56,"s:85:29:94:Infinity":57,"f:85:29:85:42":10,"s:86:4:86:Infinity":58,"s:87:20:87:Infinity":59,"b:88:4:91:Infinity:undefined:undefined:undefined:undefined":13,"s:88:4:91:Infinity":60,"s:89:6:89:Infinity":61,"s:90:6:90:Infinity":62,"s:92:4:92:Infinity":63,"s:93:4:93:Infinity":64,"s:96:2:172:Infinity":65,"b:106:60:106:72:106:72:106:Infinity":14,"f:107:12:107:27":11,"s:107:29:107:49":66,"s:107:49:107:66":67,"s:107:66:107:83":68,"b:112:58:112:70:112:70:112:Infinity":15,"f:113:12:113:27":12,"s:113:29:113:47":69,"s:113:47:113:70":70,"b:120:10:152:11:152:10:169:Infinity":16,"b:125:56:125:67:125:67:125:Infinity":17,"b:133:15:133:27:133:27:133:Infinity":18,"b:138:57:138:68:138:68:138:Infinity":19,"f:142:16:142:27":13,"s:142:35:142:60":71,"s:142:60:142:77":72,"b:145:15:145:28:145:28:145:Infinity":20,"b:156:63:156:74:156:74:156:Infinity":21,"f:161:16:161:27":14,"s:161:35:161:66":73,"s:161:66:161:89":74,"b:164:15:164:34:164:34:164:Infinity":22},"fnNames":{}}}
,"C:\\Users\\Sam\\ai-coding\\webtop\\.claude\\worktrees\\agent1-android-app\\src\\components\\AppIcon\\AppIcon.css": {"path":"C:\\Users\\Sam\\ai-coding\\webtop\\.claude\\worktrees\\agent1-android-app\\src\\components\\AppIcon\\AppIcon.css","statementMap":{},"fnMap":{},"branchMap":{},"s":{},"f":{},"b":{},"meta":{"lastBranch":0,"lastFunction":0,"lastStatement":0,"seen":{},"fnNames":{}}}
,"C:\\Users\\Sam\\ai-coding\\webtop\\.claude\\worktrees\\agent1-android-app\\src\\components\\AppIcon\\AppIcon.jsx": {"path":"C:\\Users\\Sam\\ai-coding\\webtop\\.claude\\worktrees\\agent1-android-app\\src\\components\\AppIcon\\AppIcon.jsx","statementMap":{"0":{"start":{"line":8,"column":34},"end":{"line":8,"column":null}},"1":{"start":{"line":9,"column":40},"end":{"line":9,"column":null}},"2":{"start":{"line":10,"column":21},"end":{"line":10,"column":null}},"3":{"start":{"line":12,"column":56},"end":{"line":12,"column":null}},"4":{"start":{"line":13,"column":17},"end":{"line":13,"column":null}},"5":{"start":{"line":14,"column":18},"end":{"line":14,"column":null}},"6":{"start":{"line":15,"column":21},"end":{"line":15,"column":null}},"7":{"start":{"line":17,"column":2},"end":{"line":19,"column":null}},"8":{"start":{"line":18,"column":4},"end":{"line":18,"column":null}},"9":{"start":{"line":18,"column":19},"end":{"line":18,"column":76}},"10":{"start":{"line":18,"column":43},"end":{"line":18,"column":76}},"11":{"start":{"line":21,"column":22},"end":{"line":34,"column":null}},"12":{"start":{"line":22,"column":4},"end":{"line":22,"column":null}},"13":{"start":{"line":22,"column":18},"end":{"line":22,"column":null}},"14":{"start":{"line":23,"column":4},"end":{"line":27,"column":null}},"15":{"start":{"line":24,"column":6},"end":{"line":24,"column":null}},"16":{"start":{"line":25,"column":6},"end":{"line":25,"column":null}},"17":{"start":{"line":26,"column":6},"end":{"line":26,"column":null}},"18":{"start":{"line":28,"column":4},"end":{"line":33,"column":null}},"19":{"start":{"line":29,"column":6},"end":{"line":29,"column":null}},"20":{"start":{"line":30,"column":25},"end":{"line":30,"column":null}},"21":{"start":{"line":30,"column":51},"end":{"line":30,"column":62}},"22":{"start":{"line":31,"column":18},"end":{"line":31,"column":null}},"23":{"start":{"line":32,"column":6},"end":{"line":32,"column":null}},"24":{"start":{"line":32,"column":18},"end":{"line":32,"column":null}},"25":{"start":{"line":36,"column":28},"end":{"line":43,"column":null}},"26":{"start":{"line":37,"column":4},"end":{"line":37,"column":null}},"27":{"start":{"line":37,"column":18},"end":{"line":37,"column":null}},"28":{"start":{"line":38,"column":4},"end":{"line":41,"column":null}},"29":{"start":{"line":39,"column":6},"end":{"line":39,"column":null}},"30":{"start":{"line":40,"column":6},"end":{"line":40,"column":null}},"31":{"start":{"line":42,"column":4},"end":{"line":42,"column":null}},"32":{"start":{"line":42,"column":20},"end":{"line":42,"column":null}},"33":{"start":{"line":45,"column":28},"end":{"line":48,"column":null}},"34":{"start":{"line":46,"column":4},"end":{"line":46,"column":null}},"35":{"start":{"line":47,"column":4},"end":{"line":47,"column":null}},"36":{"start":{"line":47,"column":18},"end":{"line":47,"column":null}},"37":{"start":{"line":50,"column":33},"end":{"line":55,"column":null}},"38":{"start":{"line":51,"column":4},"end":{"line":51,"column":null}},"39":{"start":{"line":51,"column":19},"end":{"line":51,"column":null}},"40":{"start":{"line":52,"column":4},"end":{"line":52,"column":null}},"41":{"start":{"line":53,"column":4},"end":{"line":53,"column":null}},"42":{"start":{"line":54,"column":4},"end":{"line":54,"column":null}},"43":{"start":{"line":57,"column":30},"end":{"line":66,"column":null}},"44":{"start":{"line":58,"column":4},"end":{"line":62,"column":null}},"45":{"start":{"line":59,"column":22},"end":{"line":59,"column":null}},"46":{"start":{"line":60,"column":6},"end":{"line":60,"column":null}},"47":{"start":{"line":60,"column":31},"end":{"line":60,"column":null}},"48":{"start":{"line":61,"column":6},"end":{"line":61,"column":null}},"49":{"start":{"line":63,"column":4},"end":{"line":65,"column":null}},"50":{"start":{"line":64,"column":6},"end":{"line":64,"column":null}},"51":{"start":{"line":68,"column":27},"end":{"line":72,"column":null}},"52":{"start":{"line":69,"column":20},"end":{"line":69,"column":null}},"53":{"start":{"line":70,"column":4},"end":{"line":70,"column":null}},"54":{"start":{"line":70,"column":29},"end":{"line":70,"column":null}},"55":{"start":{"line":71,"column":4},"end":{"line":71,"column":null}},"56":{"start":{"line":74,"column":2},"end":{"line":136,"column":null}},"57":{"start":{"line":113,"column":30},"end":{"line":113,"column":51}},"58":{"start":{"line":113,"column":51},"end":{"line":113,"column":80}},"59":{"start":{"line":113,"column":67},"end":{"line":113,"column":80}},"60":{"start":{"line":123,"column":27},"end":{"line":123,"column":null}},"61":{"start":{"line":126,"column":26},"end":{"line":126,"column":null}}},"fnMap":{"0":{"name":"AppIcon","decl":{"start":{"line":7,"column":24},"end":{"line":7,"column":32}},"loc":{"start":{"line":7,"column":92},"end":{"line":138,"column":null}},"line":7},"1":{"name":"(anonymous_1)","decl":{"start":{"line":17,"column":2},"end":{"line":17,"column":18}},"loc":{"start":{"line":17,"column":18},"end":{"line":19,"column":5}},"line":17},"2":{"name":"(anonymous_2)","decl":{"start":{"line":18,"column":4},"end":{"line":18,"column":17}},"loc":{"start":{"line":18,"column":17},"end":{"line":18,"column":null}},"line":18},"3":{"name":"(anonymous_3)","decl":{"start":{"line":21,"column":22},"end":{"line":21,"column":40}},"loc":{"start":{"line":21,"column":40},"end":{"line":34,"column":5}},"line":21},"4":{"name":"(anonymous_4)","decl":{"start":{"line":28,"column":25},"end":{"line":28,"column":42}},"loc":{"start":{"line":28,"column":42},"end":{"line":33,"column":7}},"line":28},"5":{"name":"(anonymous_5)","decl":{"start":{"line":30,"column":39},"end":{"line":30,"column":45}},"loc":{"start":{"line":30,"column":51},"end":{"line":30,"column":62}},"line":30},"6":{"name":"(anonymous_6)","decl":{"start":{"line":36,"column":28},"end":{"line":36,"column":46}},"loc":{"start":{"line":36,"column":46},"end":{"line":43,"column":5}},"line":36},"7":{"name":"(anonymous_7)","decl":{"start":{"line":45,"column":28},"end":{"line":45,"column":41}},"loc":{"start":{"line":45,"column":47},"end":{"line":48,"column":5}},"line":45},"8":{"name":"(anonymous_8)","decl":{"start":{"line":50,"column":33},"end":{"line":50,"column":46}},"loc":{"start":{"line":50,"column":52},"end":{"line":55,"column":5}},"line":50},"9":{"name":"(anonymous_9)","decl":{"start":{"line":57,"column":30},"end":{"line":57,"column":43}},"loc":{"start":{"line":57,"column":49},"end":{"line":66,"column":5}},"line":57},"10":{"name":"(anonymous_10)","decl":{"start":{"line":68,"column":27},"end":{"line":68,"column":45}},"loc":{"start":{"line":68,"column":45},"end":{"line":72,"column":5}},"line":68},"11":{"name":"(anonymous_11)","decl":{"start":{"line":113,"column":12},"end":{"line":113,"column":22}},"loc":{"start":{"line":113,"column":28},"end":{"line":113,"column":null}},"line":113},"12":{"name":"(anonymous_12)","decl":{"start":{"line":123,"column":10},"end":{"line":123,"column":21}},"loc":{"start":{"line":123,"column":27},"end":{"line":123,"column":null}},"line":123},"13":{"name":"(anonymous_13)","decl":{"start":{"line":126,"column":10},"end":{"line":126,"column":20}},"loc":{"start":{"line":126,"column":26},"end":{"line":126,"column":null}},"line":126}},"branchMap":{"0":{"loc":{"start":{"line":18,"column":19},"end":{"line":18,"column":76}},"type":"if","locations":[{"start":{"line":18,"column":19},"end":{"line":18,"column":76}},{"start":{},"end":{}}],"line":18},"1":{"loc":{"start":{"line":22,"column":4},"end":{"line":22,"column":null}},"type":"if","locations":[{"start":{"line":22,"column":4},"end":{"line":22,"column":null}},{"start":{},"end":{}}],"line":22},"2":{"loc":{"start":{"line":23,"column":4},"end":{"line":27,"column":null}},"type":"if","locations":[{"start":{"line":23,"column":4},"end":{"line":27,"column":null}},{"start":{},"end":{}}],"line":23},"3":{"loc":{"start":{"line":31,"column":18},"end":{"line":31,"column":null}},"type":"cond-expr","locations":[{"start":{"line":31,"column":31},"end":{"line":31,"column":73}},{"start":{"line":31,"column":73},"end":{"line":31,"column":null}}],"line":31},"4":{"loc":{"start":{"line":32,"column":6},"end":{"line":32,"column":null}},"type":"if","locations":[{"start":{"line":32,"column":6},"end":{"line":32,"column":null}},{"start":{},"end":{}}],"line":32},"5":{"loc":{"start":{"line":37,"column":4},"end":{"line":37,"column":null}},"type":"if","locations":[{"start":{"line":37,"column":4},"end":{"line":37,"column":null}},{"start":{},"end":{}}],"line":37},"6":{"loc":{"start":{"line":38,"column":4},"end":{"line":41,"column":null}},"type":"if","locations":[{"start":{"line":38,"column":4},"end":{"line":41,"column":null}},{"start":{},"end":{}}],"line":38},"7":{"loc":{"start":{"line":42,"column":4},"end":{"line":42,"column":null}},"type":"if","locations":[{"start":{"line":42,"column":4},"end":{"line":42,"column":null}},{"start":{},"end":{}}],"line":42},"8":{"loc":{"start":{"line":47,"column":4},"end":{"line":47,"column":null}},"type":"if","locations":[{"start":{"line":47,"column":4},"end":{"line":47,"column":null}},{"start":{},"end":{}}],"line":47},"9":{"loc":{"start":{"line":51,"column":4},"end":{"line":51,"column":null}},"type":"if","locations":[{"start":{"line":51,"column":4},"end":{"line":51,"column":null}},{"start":{},"end":{}}],"line":51},"10":{"loc":{"start":{"line":58,"column":4},"end":{"line":62,"column":null}},"type":"if","locations":[{"start":{"line":58,"column":4},"end":{"line":62,"column":null}},{"start":{},"end":{}}],"line":58},"11":{"loc":{"start":{"line":60,"column":6},"end":{"line":60,"column":null}},"type":"if","locations":[{"start":{"line":60,"column":6},"end":{"line":60,"column":null}},{"start":{},"end":{}}],"line":60},"12":{"loc":{"start":{"line":60,"column":10},"end":{"line":60,"column":31}},"type":"binary-expr","locations":[{"start":{"line":60,"column":10},"end":{"line":60,"column":21}},{"start":{"line":60,"column":21},"end":{"line":60,"column":31}}],"line":60},"13":{"loc":{"start":{"line":63,"column":4},"end":{"line":65,"column":null}},"type":"if","locations":[{"start":{"line":63,"column":4},"end":{"line":65,"column":null}},{"start":{},"end":{}}],"line":63},"14":{"loc":{"start":{"line":70,"column":4},"end":{"line":70,"column":null}},"type":"if","locations":[{"start":{"line":70,"column":4},"end":{"line":70,"column":null}},{"start":{},"end":{}}],"line":70},"15":{"loc":{"start":{"line":70,"column":8},"end":{"line":70,"column":29}},"type":"binary-expr","locations":[{"start":{"line":70,"column":8},"end":{"line":70,"column":19}},{"start":{"line":70,"column":19},"end":{"line":70,"column":29}}],"line":70},"16":{"loc":{"start":{"line":76,"column":28},"end":{"line":76,"column":null}},"type":"cond-expr","locations":[{"start":{"line":76,"column":39},"end":{"line":76,"column":54}},{"start":{"line":76,"column":54},"end":{"line":76,"column":null}}],"line":76},"17":{"loc":{"start":{"line":82,"column":9},"end":{"line":89,"column":null}},"type":"binary-expr","locations":[{"start":{"line":82,"column":9},"end":{"line":82,"column":null}},{"start":{"line":83,"column":10},"end":{"line":89,"column":null}}],"line":82},"18":{"loc":{"start":{"line":91,"column":9},"end":{"line":107,"column":null}},"type":"cond-expr","locations":[{"start":{"line":92,"column":10},"end":{"line":95,"column":null}},{"start":{"line":95,"column":12},"end":{"line":107,"column":null}}],"line":91},"19":{"loc":{"start":{"line":95,"column":12},"end":{"line":107,"column":null}},"type":"cond-expr","locations":[{"start":{"line":96,"column":10},"end":{"line":105,"column":11}},{"start":{"line":105,"column":10},"end":{"line":107,"column":null}}],"line":95},"20":{"loc":{"start":{"line":109,"column":9},"end":{"line":114,"column":null}},"type":"binary-expr","locations":[{"start":{"line":109,"column":9},"end":{"line":109,"column":23}},{"start":{"line":109,"column":23},"end":{"line":109,"column":null}},{"start":{"line":110,"column":10},"end":{"line":114,"column":null}}],"line":109},"21":{"loc":{"start":{"line":113,"column":51},"end":{"line":113,"column":80}},"type":"if","locations":[{"start":{"line":113,"column":51},"end":{"line":113,"column":80}},{"start":{},"end":{}}],"line":113},"22":{"loc":{"start":{"line":118,"column":7},"end":{"line":136,"column":null}},"type":"cond-expr","locations":[{"start":{"line":119,"column":8},"end":{"line":129,"column":9}},{"start":{"line":129,"column":8},"end":{"line":136,"column":null}}],"line":118}},"s":{"0":36,"1":36,"2":36,"3":36,"4":36,"5":36,"6":36,"7":36,"8":12,"9":12,"10":0,"11":36,"12":0,"13":0,"14":0,"15":0,"16":0,"17":0,"18":0,"19":0,"20":0,"21":0,"22":0,"23":0,"24":0,"25":36,"26":0,"27":0,"28":0,"29":0,"30":0,"31":0,"32":0,"33":36,"34":1,"35":1,"36":1,"37":36,"38":0,"39":0,"40":0,"41":0,"42":0,"43":36,"44":0,"45":0,"46":0,"47":0,"48":0,"49":0,"50":0,"51":36,"52":0,"53":0,"54":0,"55":0,"56":36,"57":0,"58":0,"59":0,"60":0,"61":0},"f":{"0":36,"1":12,"2":12,"3":0,"4":0,"5":0,"6":0,"7":1,"8":0,"9":0,"10":0,"11":0,"12":0,"13":0},"b":{"0":[0,12],"1":[0,0],"2":[0,0],"3":[0,0],"4":[0,0],"5":[0,0],"6":[0,0],"7":[0,0],"8":[1,0],"9":[0,0],"10":[0,0],"11":[0,0],"12":[0,0],"13":[0,0],"14":[0,0],"15":[0,0],"16":[28,8],"17":[36,28],"18":[0,36],"19":[36,0],"20":[36,0,0],"21":[0,0],"22":[0,36]},"meta":{"lastBranch":23,"lastFunction":14,"lastStatement":62,"seen":{"f:7:24:7:32":0,"s:8:34:8:Infinity":0,"s:9:40:9:Infinity":1,"s:10:21:10:Infinity":2,"s:12:56:12:Infinity":3,"s:13:17:13:Infinity":4,"s:14:18:14:Infinity":5,"s:15:21:15:Infinity":6,"s:17:2:19:Infinity":7,"f:17:2:17:18":1,"s:18:4:18:Infinity":8,"f:18:4:18:17":2,"b:18:19:18:76:undefined:undefined:undefined:undefined":0,"s:18:19:18:76":9,"s:18:43:18:76":10,"s:21:22:34:Infinity":11,"f:21:22:21:40":3,"b:22:4:22:Infinity:undefined:undefined:undefined:undefined":1,"s:22:4:22:Infinity":12,"s:22:18:22:Infinity":13,"b:23:4:27:Infinity:undefined:undefined:undefined:undefined":2,"s:23:4:27:Infinity":14,"s:24:6:24:Infinity":15,"s:25:6:25:Infinity":16,"s:26:6:26:Infinity":17,"s:28:4:33:Infinity":18,"f:28:25:28:42":4,"s:29:6:29:Infinity":19,"s:30:25:30:Infinity":20,"f:30:39:30:45":5,"s:30:51:30:62":21,"s:31:18:31:Infinity":22,"b:31:31:31:73:31:73:31:Infinity":3,"b:32:6:32:Infinity:undefined:undefined:undefined:undefined":4,"s:32:6:32:Infinity":23,"s:32:18:32:Infinity":24,"s:36:28:43:Infinity":25,"f:36:28:36:46":6,"b:37:4:37:Infinity:undefined:undefined:undefined:undefined":5,"s:37:4:37:Infinity":26,"s:37:18:37:Infinity":27,"b:38:4:41:Infinity:undefined:undefined:undefined:undefined":6,"s:38:4:41:Infinity":28,"s:39:6:39:Infinity":29,"s:40:6:40:Infinity":30,"b:42:4:42:Infinity:undefined:undefined:undefined:undefined":7,"s:42:4:42:Infinity":31,"s:42:20:42:Infinity":32,"s:45:28:48:Infinity":33,"f:45:28:45:41":7,"s:46:4:46:Infinity":34,"b:47:4:47:Infinity:undefined:undefined:undefined:undefined":8,"s:47:4:47:Infinity":35,"s:47:18:47:Infinity":36,"s:50:33:55:Infinity":37,"f:50:33:50:46":8,"b:51:4:51:Infinity:undefined:undefined:undefined:undefined":9,"s:51:4:51:Infinity":38,"s:51:19:51:Infinity":39,"s:52:4:52:Infinity":40,"s:53:4:53:Infinity":41,"s:54:4:54:Infinity":42,"s:57:30:66:Infinity":43,"f:57:30:57:43":9,"b:58:4:62:Infinity:undefined:undefined:undefined:undefined":10,"s:58:4:62:Infinity":44,"s:59:22:59:Infinity":45,"b:60:6:60:Infinity:undefined:undefined:undefined:undefined":11,"s:60:6:60:Infinity":46,"b:60:10:60:21:60:21:60:31":12,"s:60:31:60:Infinity":47,"s:61:6:61:Infinity":48,"b:63:4:65:Infinity:undefined:undefined:undefined:undefined":13,"s:63:4:65:Infinity":49,"s:64:6:64:Infinity":50,"s:68:27:72:Infinity":51,"f:68:27:68:45":10,"s:69:20:69:Infinity":52,"b:70:4:70:Infinity:undefined:undefined:undefined:undefined":14,"s:70:4:70:Infinity":53,"b:70:8:70:19:70:19:70:29":15,"s:70:29:70:Infinity":54,"s:71:4:71:Infinity":55,"s:74:2:136:Infinity":56,"b:76:39:76:54:76:54:76:Infinity":16,"b:82:9:82:Infinity:83:10:89:Infinity":17,"b:92:10:95:Infinity:95:12:107:Infinity":18,"b:96:10:105:11:105:10:107:Infinity":19,"b:109:9:109:23:109:23:109:Infinity:110:10:114:Infinity":20,"f:113:12:113:22":11,"s:113:30:113:51":57,"b:113:51:113:80:undefined:undefined:undefined:undefined":21,"s:113:51:113:80":58,"s:113:67:113:80":59,"b:119:8:129:9:129:8:136:Infinity":22,"f:123:10:123:21":12,"s:123:27:123:Infinity":60,"f:126:10:126:20":13,"s:126:26:126:Infinity":61},"fnNames":{}}}
,"C:\\Users\\Sam\\ai-coding\\webtop\\.claude\\worktrees\\agent1-android-app\\src\\components\\AppInfoModal\\AppInfoModal.css": {"path":"C:\\Users\\Sam\\ai-coding\\webtop\\.claude\\worktrees\\agent1-android-app\\src\\components\\AppInfoModal\\AppInfoModal.css","statementMap":{},"fnMap":{},"branchMap":{},"s":{},"f":{},"b":{},"meta":{"lastBranch":0,"lastFunction":0,"lastStatement":0,"seen":{},"fnNames":{}}}
,"C:\\Users\\Sam\\ai-coding\\webtop\\.claude\\worktrees\\agent1-android-app\\src\\components\\AppInfoModal\\AppInfoModal.jsx": {"path":"C:\\Users\\Sam\\ai-coding\\webtop\\.claude\\worktrees\\agent1-android-app\\src\\components\\AppInfoModal\\AppInfoModal.jsx","statementMap":{"0":{"start":{"line":30,"column":20},"end":{"line":30,"column":null}},"1":{"start":{"line":30,"column":31},"end":{"line":30,"column":null}},"2":{"start":{"line":33,"column":83},"end":{"line":33,"column":null}},"3":{"start":{"line":34,"column":16},"end":{"line":34,"column":null}},"4":{"start":{"line":35,"column":22},"end":{"line":35,"column":null}},"5":{"start":{"line":37,"column":2},"end":{"line":79,"column":null}},"6":{"start":{"line":49,"column":26},"end":{"line":49,"column":null}},"7":{"start":{"line":50,"column":27},"end":{"line":50,"column":65}},"8":{"start":{"line":50,"column":46},"end":{"line":50,"column":65}},"9":{"start":{"line":73,"column":27},"end":{"line":73,"column":89}},"10":{"start":{"line":73,"column":72},"end":{"line":73,"column":89}},"11":{"start":{"line":84,"column":26},"end":{"line":84,"column":null}},"12":{"start":{"line":85,"column":24},"end":{"line":85,"column":null}},"13":{"start":{"line":86,"column":26},"end":{"line":86,"column":null}},"14":{"start":{"line":87,"column":28},"end":{"line":87,"column":null}},"15":{"start":{"line":88,"column":30},"end":{"line":88,"column":null}},"16":{"start":{"line":88,"column":45},"end":{"line":88,"column":73}},"17":{"start":{"line":89,"column":38},"end":{"line":89,"column":null}},"18":{"start":{"line":90,"column":46},"end":{"line":90,"column":null}},"19":{"start":{"line":91,"column":28},"end":{"line":94,"column":null}},"20":{"start":{"line":92,"column":4},"end":{"line":92,"column":null}},"21":{"start":{"line":93,"column":4},"end":{"line":93,"column":null}},"22":{"start":{"line":93,"column":10},"end":{"line":93,"column":36}},"23":{"start":{"line":93,"column":48},"end":{"line":93,"column":73}},"24":{"start":{"line":95,"column":20},"end":{"line":95,"column":29}},"25":{"start":{"line":96,"column":18},"end":{"line":96,"column":29}},"26":{"start":{"line":97,"column":32},"end":{"line":97,"column":null}},"27":{"start":{"line":98,"column":32},"end":{"line":98,"column":null}},"28":{"start":{"line":98,"column":47},"end":{"line":98,"column":77}},"29":{"start":{"line":99,"column":34},"end":{"line":99,"column":null}},"30":{"start":{"line":100,"column":26},"end":{"line":100,"column":null}},"31":{"start":{"line":100,"column":41},"end":{"line":100,"column":54}},"32":{"start":{"line":101,"column":34},"end":{"line":101,"column":null}},"33":{"start":{"line":102,"column":40},"end":{"line":102,"column":null}},"34":{"start":{"line":103,"column":38},"end":{"line":103,"column":null}},"35":{"start":{"line":104,"column":36},"end":{"line":104,"column":null}},"36":{"start":{"line":107,"column":70},"end":{"line":107,"column":null}},"37":{"start":{"line":108,"column":17},"end":{"line":108,"column":null}},"38":{"start":{"line":109,"column":18},"end":{"line":109,"column":null}},"39":{"start":{"line":110,"column":22},"end":{"line":110,"column":null}},"40":{"start":{"line":111,"column":23},"end":{"line":111,"column":null}},"41":{"start":{"line":113,"column":2},"end":{"line":117,"column":null}},"42":{"start":{"line":114,"column":10},"end":{"line":114,"column":null}},"43":{"start":{"line":114,"column":29},"end":{"line":114,"column":63}},"44":{"start":{"line":114,"column":53},"end":{"line":114,"column":63}},"45":{"start":{"line":115,"column":4},"end":{"line":115,"column":null}},"46":{"start":{"line":116,"column":4},"end":{"line":116,"column":null}},"47":{"start":{"line":116,"column":17},"end":{"line":116,"column":null}},"48":{"start":{"line":119,"column":18},"end":{"line":122,"column":null}},"49":{"start":{"line":124,"column":21},"end":{"line":124,"column":null}},"50":{"start":{"line":124,"column":39},"end":{"line":124,"column":58}},"51":{"start":{"line":126,"column":23},"end":{"line":141,"column":null}},"52":{"start":{"line":127,"column":4},"end":{"line":127,"column":null}},"53":{"start":{"line":128,"column":4},"end":{"line":128,"column":null}},"54":{"start":{"line":129,"column":4},"end":{"line":129,"column":null}},"55":{"start":{"line":130,"column":4},"end":{"line":130,"column":null}},"56":{"start":{"line":131,"column":4},"end":{"line":131,"column":null}},"57":{"start":{"line":132,"column":4},"end":{"line":132,"column":null}},"58":{"start":{"line":133,"column":4},"end":{"line":133,"column":null}},"59":{"start":{"line":134,"column":4},"end":{"line":134,"column":null}},"60":{"start":{"line":135,"column":4},"end":{"line":135,"column":null}},"61":{"start":{"line":136,"column":4},"end":{"line":136,"column":null}},"62":{"start":{"line":137,"column":4},"end":{"line":137,"column":null}},"63":{"start":{"line":138,"column":4},"end":{"line":138,"column":null}},"64":{"start":{"line":139,"column":4},"end":{"line":139,"column":null}},"65":{"start":{"line":140,"column":4},"end":{"line":140,"column":null}},"66":{"start":{"line":143,"column":21},"end":{"line":161,"column":null}},"67":{"start":{"line":144,"column":4},"end":{"line":158,"column":null}},"68":{"start":{"line":159,"column":4},"end":{"line":159,"column":null}},"69":{"start":{"line":160,"column":4},"end":{"line":160,"column":null}},"70":{"start":{"line":163,"column":23},"end":{"line":168,"column":null}},"71":{"start":{"line":164,"column":4},"end":{"line":167,"column":null}},"72":{"start":{"line":165,"column":6},"end":{"line":165,"column":null}},"73":{"start":{"line":166,"column":6},"end":{"line":166,"column":null}},"74":{"start":{"line":170,"column":25},"end":{"line":175,"column":null}},"75":{"start":{"line":171,"column":20},"end":{"line":171,"column":null}},"76":{"start":{"line":172,"column":4},"end":{"line":172,"column":null}},"77":{"start":{"line":172,"column":18},"end":{"line":172,"column":null}},"78":{"start":{"line":173,"column":4},"end":{"line":173,"column":null}},"79":{"start":{"line":173,"column":25},"end":{"line":173,"column":61}},"80":{"start":{"line":174,"column":4},"end":{"line":174,"column":null}},"81":{"start":{"line":177,"column":28},"end":{"line":179,"column":null}},"82":{"start":{"line":178,"column":4},"end":{"line":178,"column":null}},"83":{"start":{"line":178,"column":25},"end":{"line":178,"column":56}},"84":{"start":{"line":178,"column":44},"end":{"line":178,"column":55}},"85":{"start":{"line":181,"column":27},"end":{"line":183,"column":null}},"86":{"start":{"line":182,"column":4},"end":{"line":182,"column":null}},"87":{"start":{"line":182,"column":25},"end":{"line":182,"column":97}},"88":{"start":{"line":182,"column":42},"end":{"line":182,"column":96}},"89":{"start":{"line":185,"column":26},"end":{"line":187,"column":null}},"90":{"start":{"line":186,"column":4},"end":{"line":186,"column":null}},"91":{"start":{"line":186,"column":25},"end":{"line":186,"column":59}},"92":{"start":{"line":186,"column":44},"end":{"line":186,"column":58}},"93":{"start":{"line":189,"column":24},"end":{"line":196,"column":null}},"94":{"start":{"line":190,"column":4},"end":{"line":190,"column":null}},"95":{"start":{"line":190,"column":40},"end":{"line":190,"column":null}},"96":{"start":{"line":191,"column":4},"end":{"line":195,"column":null}},"97":{"start":{"line":192,"column":23},"end":{"line":192,"column":null}},"98":{"start":{"line":192,"column":45},"end":{"line":192,"column":63}},"99":{"start":{"line":193,"column":23},"end":{"line":193,"column":null}},"100":{"start":{"line":193,"column":45},"end":{"line":193,"column":61}},"101":{"start":{"line":194,"column":6},"end":{"line":194,"column":null}},"102":{"start":{"line":198,"column":23},"end":{"line":209,"column":null}},"103":{"start":{"line":199,"column":24},"end":{"line":199,"column":null}},"104":{"start":{"line":200,"column":23},"end":{"line":200,"column":null}},"105":{"start":{"line":201,"column":4},"end":{"line":201,"column":null}},"106":{"start":{"line":201,"column":37},"end":{"line":201,"column":null}},"107":{"start":{"line":202,"column":4},"end":{"line":205,"column":null}},"108":{"start":{"line":202,"column":25},"end":{"line":205,"column":5}},"109":{"start":{"line":206,"column":4},"end":{"line":206,"column":null}},"110":{"start":{"line":207,"column":4},"end":{"line":207,"column":null}},"111":{"start":{"line":208,"column":4},"end":{"line":208,"column":null}},"112":{"start":{"line":211,"column":26},"end":{"line":215,"column":null}},"113":{"start":{"line":212,"column":4},"end":{"line":212,"column":null}},"114":{"start":{"line":213,"column":4},"end":{"line":213,"column":null}},"115":{"start":{"line":214,"column":4},"end":{"line":214,"column":null}},"116":{"start":{"line":217,"column":30},"end":{"line":219,"column":null}},"117":{"start":{"line":218,"column":4},"end":{"line":218,"column":null}},"118":{"start":{"line":218,"column":38},"end":{"line":218,"column":null}},"119":{"start":{"line":221,"column":2},"end":{"line":567,"column":null}},"120":{"start":{"line":260,"column":37},"end":{"line":260,"column":null}},"121":{"start":{"line":267,"column":37},"end":{"line":267,"column":null}},"122":{"start":{"line":275,"column":37},"end":{"line":275,"column":null}},"123":{"start":{"line":300,"column":39},"end":{"line":300,"column":null}},"124":{"start":{"line":310,"column":37},"end":{"line":310,"column":null}},"125":{"start":{"line":310,"column":58},"end":{"line":310,"column":60}},"126":{"start":{"line":319,"column":41},"end":{"line":319,"column":55}},"127":{"start":{"line":319,"column":55},"end":{"line":319,"column":76}},"128":{"start":{"line":339,"column":39},"end":{"line":339,"column":null}},"129":{"start":{"line":347,"column":39},"end":{"line":347,"column":null}},"130":{"start":{"line":375,"column":41},"end":{"line":375,"column":60}},"131":{"start":{"line":375,"column":60},"end":{"line":375,"column":81}},"132":{"start":{"line":426,"column":18},"end":{"line":426,"column":null}},"133":{"start":{"line":442,"column":18},"end":{"line":453,"column":null}},"134":{"start":{"line":447,"column":39},"end":{"line":447,"column":null}},"135":{"start":{"line":467,"column":35},"end":{"line":467,"column":null}},"136":{"start":{"line":470,"column":38},"end":{"line":470,"column":78}},"137":{"start":{"line":470,"column":61},"end":{"line":470,"column":78}},"138":{"start":{"line":489,"column":33},"end":{"line":489,"column":null}},"139":{"start":{"line":489,"column":55},"end":{"line":489,"column":57}},"140":{"start":{"line":505,"column":59},"end":{"line":505,"column":63}},"141":{"start":{"line":508,"column":22},"end":{"line":515,"column":null}},"142":{"start":{"line":533,"column":35},"end":{"line":533,"column":null}},"143":{"start":{"line":541,"column":35},"end":{"line":541,"column":null}},"144":{"start":{"line":545,"column":38},"end":{"line":545,"column":76}},"145":{"start":{"line":545,"column":61},"end":{"line":545,"column":76}}},"fnMap":{"0":{"name":"(anonymous_0)","decl":{"start":{"line":30,"column":20},"end":{"line":30,"column":31}},"loc":{"start":{"line":30,"column":31},"end":{"line":30,"column":null}},"line":30},"1":{"name":"SortableSubUrl","decl":{"start":{"line":32,"column":9},"end":{"line":32,"column":24}},"loc":{"start":{"line":32,"column":76},"end":{"line":81,"column":null}},"line":32},"2":{"name":"(anonymous_2)","decl":{"start":{"line":49,"column":10},"end":{"line":49,"column":26}},"loc":{"start":{"line":49,"column":26},"end":{"line":49,"column":null}},"line":49},"3":{"name":"(anonymous_3)","decl":{"start":{"line":50,"column":10},"end":{"line":50,"column":25}},"loc":{"start":{"line":50,"column":25},"end":{"line":50,"column":null}},"line":50},"4":{"name":"(anonymous_4)","decl":{"start":{"line":73,"column":10},"end":{"line":73,"column":25}},"loc":{"start":{"line":73,"column":25},"end":{"line":73,"column":null}},"line":73},"5":{"name":"AppInfoModal","decl":{"start":{"line":83,"column":24},"end":{"line":83,"column":37}},"loc":{"start":{"line":83,"column":134},"end":{"line":569,"column":null}},"line":83},"6":{"name":"(anonymous_6)","decl":{"start":{"line":88,"column":30},"end":{"line":88,"column":45}},"loc":{"start":{"line":88,"column":45},"end":{"line":88,"column":73}},"line":88},"7":{"name":"(anonymous_7)","decl":{"start":{"line":91,"column":40},"end":{"line":91,"column":52}},"loc":{"start":{"line":91,"column":52},"end":{"line":94,"column":5}},"line":91},"8":{"name":"(anonymous_8)","decl":{"start":{"line":98,"column":32},"end":{"line":98,"column":47}},"loc":{"start":{"line":98,"column":47},"end":{"line":98,"column":77}},"line":98},"9":{"name":"(anonymous_9)","decl":{"start":{"line":100,"column":26},"end":{"line":100,"column":41}},"loc":{"start":{"line":100,"column":41},"end":{"line":100,"column":54}},"line":100},"10":{"name":"(anonymous_10)","decl":{"start":{"line":113,"column":2},"end":{"line":113,"column":18}},"loc":{"start":{"line":113,"column":18},"end":{"line":117,"column":5}},"line":113},"11":{"name":"(anonymous_11)","decl":{"start":{"line":114,"column":10},"end":{"line":114,"column":21}},"loc":{"start":{"line":114,"column":27},"end":{"line":114,"column":null}},"line":114},"12":{"name":"(anonymous_12)","decl":{"start":{"line":116,"column":4},"end":{"line":116,"column":17}},"loc":{"start":{"line":116,"column":17},"end":{"line":116,"column":null}},"line":116},"13":{"name":"(anonymous_13)","decl":{"start":{"line":124,"column":21},"end":{"line":124,"column":39}},"loc":{"start":{"line":124,"column":39},"end":{"line":124,"column":58}},"line":124},"14":{"name":"(anonymous_14)","decl":{"start":{"line":126,"column":23},"end":{"line":126,"column":41}},"loc":{"start":{"line":126,"column":41},"end":{"line":141,"column":5}},"line":126},"15":{"name":"(anonymous_15)","decl":{"start":{"line":143,"column":21},"end":{"line":143,"column":39}},"loc":{"start":{"line":143,"column":39},"end":{"line":161,"column":5}},"line":143},"16":{"name":"(anonymous_16)","decl":{"start":{"line":163,"column":23},"end":{"line":163,"column":41}},"loc":{"start":{"line":163,"column":41},"end":{"line":168,"column":5}},"line":163},"17":{"name":"(anonymous_17)","decl":{"start":{"line":170,"column":25},"end":{"line":170,"column":43}},"loc":{"start":{"line":170,"column":43},"end":{"line":175,"column":5}},"line":170},"18":{"name":"(anonymous_18)","decl":{"start":{"line":173,"column":4},"end":{"line":173,"column":16}},"loc":{"start":{"line":173,"column":25},"end":{"line":173,"column":61}},"line":173},"19":{"name":"(anonymous_19)","decl":{"start":{"line":177,"column":28},"end":{"line":177,"column":41}},"loc":{"start":{"line":177,"column":51},"end":{"line":179,"column":5}},"line":177},"20":{"name":"(anonymous_20)","decl":{"start":{"line":178,"column":4},"end":{"line":178,"column":16}},"loc":{"start":{"line":178,"column":25},"end":{"line":178,"column":56}},"line":178},"21":{"name":"(anonymous_21)","decl":{"start":{"line":178,"column":30},"end":{"line":178,"column":38}},"loc":{"start":{"line":178,"column":44},"end":{"line":178,"column":55}},"line":178},"22":{"name":"(anonymous_22)","decl":{"start":{"line":181,"column":27},"end":{"line":181,"column":40}},"loc":{"start":{"line":181,"column":50},"end":{"line":183,"column":5}},"line":181},"23":{"name":"(anonymous_23)","decl":{"start":{"line":182,"column":4},"end":{"line":182,"column":16}},"loc":{"start":{"line":182,"column":25},"end":{"line":182,"column":97}},"line":182},"24":{"name":"(anonymous_24)","decl":{"start":{"line":182,"column":30},"end":{"line":182,"column":35}},"loc":{"start":{"line":182,"column":42},"end":{"line":182,"column":96}},"line":182},"25":{"name":"(anonymous_25)","decl":{"start":{"line":185,"column":26},"end":{"line":185,"column":39}},"loc":{"start":{"line":185,"column":49},"end":{"line":187,"column":5}},"line":185},"26":{"name":"(anonymous_26)","decl":{"start":{"line":186,"column":4},"end":{"line":186,"column":16}},"loc":{"start":{"line":186,"column":25},"end":{"line":186,"column":59}},"line":186},"27":{"name":"(anonymous_27)","decl":{"start":{"line":186,"column":30},"end":{"line":186,"column":38}},"loc":{"start":{"line":186,"column":44},"end":{"line":186,"column":58}},"line":186},"28":{"name":"(anonymous_28)","decl":{"start":{"line":189,"column":24},"end":{"line":189,"column":37}},"loc":{"start":{"line":189,"column":58},"end":{"line":196,"column":5}},"line":189},"29":{"name":"(anonymous_29)","decl":{"start":{"line":191,"column":4},"end":{"line":191,"column":16}},"loc":{"start":{"line":191,"column":25},"end":{"line":195,"column":5}},"line":191},"30":{"name":"(anonymous_30)","decl":{"start":{"line":192,"column":28},"end":{"line":192,"column":39}},"loc":{"start":{"line":192,"column":45},"end":{"line":192,"column":63}},"line":192},"31":{"name":"(anonymous_31)","decl":{"start":{"line":193,"column":28},"end":{"line":193,"column":39}},"loc":{"start":{"line":193,"column":45},"end":{"line":193,"column":61}},"line":193},"32":{"name":"(anonymous_32)","decl":{"start":{"line":198,"column":23},"end":{"line":198,"column":41}},"loc":{"start":{"line":198,"column":41},"end":{"line":209,"column":5}},"line":198},"33":{"name":"(anonymous_33)","decl":{"start":{"line":202,"column":4},"end":{"line":202,"column":16}},"loc":{"start":{"line":202,"column":25},"end":{"line":205,"column":5}},"line":202},"34":{"name":"(anonymous_34)","decl":{"start":{"line":211,"column":26},"end":{"line":211,"column":44}},"loc":{"start":{"line":211,"column":44},"end":{"line":215,"column":5}},"line":211},"35":{"name":"(anonymous_35)","decl":{"start":{"line":217,"column":30},"end":{"line":217,"column":43}},"loc":{"start":{"line":217,"column":49},"end":{"line":219,"column":5}},"line":217},"36":{"name":"(anonymous_36)","decl":{"start":{"line":260,"column":20},"end":{"line":260,"column":31}},"loc":{"start":{"line":260,"column":37},"end":{"line":260,"column":null}},"line":260},"37":{"name":"(anonymous_37)","decl":{"start":{"line":267,"column":20},"end":{"line":267,"column":31}},"loc":{"start":{"line":267,"column":37},"end":{"line":267,"column":null}},"line":267},"38":{"name":"(anonymous_38)","decl":{"start":{"line":275,"column":20},"end":{"line":275,"column":31}},"loc":{"start":{"line":275,"column":37},"end":{"line":275,"column":null}},"line":275},"39":{"name":"(anonymous_39)","decl":{"start":{"line":300,"column":22},"end":{"line":300,"column":33}},"loc":{"start":{"line":300,"column":39},"end":{"line":300,"column":null}},"line":300},"40":{"name":"(anonymous_40)","decl":{"start":{"line":310,"column":22},"end":{"line":310,"column":37}},"loc":{"start":{"line":310,"column":37},"end":{"line":310,"column":null}},"line":310},"41":{"name":"(anonymous_41)","decl":{"start":{"line":310,"column":37},"end":{"line":310,"column":52}},"loc":{"start":{"line":310,"column":58},"end":{"line":310,"column":60}},"line":310},"42":{"name":"(anonymous_42)","decl":{"start":{"line":319,"column":24},"end":{"line":319,"column":39}},"loc":{"start":{"line":319,"column":39},"end":{"line":319,"column":null}},"line":319},"43":{"name":"(anonymous_43)","decl":{"start":{"line":339,"column":22},"end":{"line":339,"column":33}},"loc":{"start":{"line":339,"column":39},"end":{"line":339,"column":null}},"line":339},"44":{"name":"(anonymous_44)","decl":{"start":{"line":347,"column":24},"end":{"line":347,"column":39}},"loc":{"start":{"line":347,"column":39},"end":{"line":347,"column":null}},"line":347},"45":{"name":"(anonymous_45)","decl":{"start":{"line":375,"column":18},"end":{"line":375,"column":33}},"loc":{"start":{"line":375,"column":39},"end":{"line":375,"column":null}},"line":375},"46":{"name":"(anonymous_46)","decl":{"start":{"line":425,"column":22},"end":{"line":425,"column":27}},"loc":{"start":{"line":426,"column":18},"end":{"line":426,"column":null}},"line":426},"47":{"name":"(anonymous_47)","decl":{"start":{"line":441,"column":25},"end":{"line":441,"column":30}},"loc":{"start":{"line":442,"column":18},"end":{"line":453,"column":null}},"line":442},"48":{"name":"(anonymous_48)","decl":{"start":{"line":447,"column":24},"end":{"line":447,"column":39}},"loc":{"start":{"line":447,"column":39},"end":{"line":447,"column":null}},"line":447},"49":{"name":"(anonymous_49)","decl":{"start":{"line":467,"column":18},"end":{"line":467,"column":29}},"loc":{"start":{"line":467,"column":35},"end":{"line":467,"column":null}},"line":467},"50":{"name":"(anonymous_50)","decl":{"start":{"line":470,"column":18},"end":{"line":470,"column":30}},"loc":{"start":{"line":470,"column":36},"end":{"line":470,"column":null}},"line":470},"51":{"name":"(anonymous_51)","decl":{"start":{"line":489,"column":18},"end":{"line":489,"column":33}},"loc":{"start":{"line":489,"column":33},"end":{"line":489,"column":null}},"line":489},"52":{"name":"(anonymous_52)","decl":{"start":{"line":489,"column":33},"end":{"line":489,"column":49}},"loc":{"start":{"line":489,"column":55},"end":{"line":489,"column":57}},"line":489},"53":{"name":"(anonymous_53)","decl":{"start":{"line":505,"column":48},"end":{"line":505,"column":53}},"loc":{"start":{"line":505,"column":59},"end":{"line":505,"column":63}},"line":505},"54":{"name":"(anonymous_54)","decl":{"start":{"line":507,"column":29},"end":{"line":507,"column":34}},"loc":{"start":{"line":508,"column":22},"end":{"line":515,"column":null}},"line":508},"55":{"name":"(anonymous_55)","decl":{"start":{"line":533,"column":18},"end":{"line":533,"column":29}},"loc":{"start":{"line":533,"column":35},"end":{"line":533,"column":null}},"line":533},"56":{"name":"(anonymous_56)","decl":{"start":{"line":541,"column":18},"end":{"line":541,"column":29}},"loc":{"start":{"line":541,"column":35},"end":{"line":541,"column":null}},"line":541},"57":{"name":"(anonymous_57)","decl":{"start":{"line":545,"column":18},"end":{"line":545,"column":30}},"loc":{"start":{"line":545,"column":36},"end":{"line":545,"column":null}},"line":545}},"branchMap":{"0":{"loc":{"start":{"line":38,"column":73},"end":{"line":38,"column":null}},"type":"cond-expr","locations":[{"start":{"line":38,"column":86},"end":{"line":38,"column":103}},{"start":{"line":38,"column":103},"end":{"line":38,"column":null}}],"line":38},"1":{"loc":{"start":{"line":39,"column":7},"end":{"line":40,"column":null}},"type":"binary-expr","locations":[{"start":{"line":39,"column":7},"end":{"line":39,"column":null}},{"start":{"line":40,"column":8},"end":{"line":40,"column":null}}],"line":39},"2":{"loc":{"start":{"line":42,"column":7},"end":{"line":53,"column":null}},"type":"binary-expr","locations":[{"start":{"line":42,"column":7},"end":{"line":42,"column":null}},{"start":{"line":45,"column":8},"end":{"line":53,"column":null}}],"line":42},"3":{"loc":{"start":{"line":50,"column":27},"end":{"line":50,"column":65}},"type":"if","locations":[{"start":{"line":50,"column":27},"end":{"line":50,"column":65}},{"start":{},"end":{}}],"line":50},"4":{"loc":{"start":{"line":64,"column":11},"end":{"line":67,"column":null}},"type":"binary-expr","locations":[{"start":{"line":64,"column":11},"end":{"line":64,"column":24}},{"start":{"line":64,"column":24},"end":{"line":64,"column":null}},{"start":{"line":65,"column":12},"end":{"line":67,"column":null}}],"line":64},"5":{"loc":{"start":{"line":70,"column":7},"end":{"line":77,"column":null}},"type":"binary-expr","locations":[{"start":{"line":70,"column":7},"end":{"line":70,"column":null}},{"start":{"line":71,"column":8},"end":{"line":77,"column":null}}],"line":70},"6":{"loc":{"start":{"line":73,"column":27},"end":{"line":73,"column":89}},"type":"if","locations":[{"start":{"line":73,"column":27},"end":{"line":73,"column":89}},{"start":{},"end":{}}],"line":73},"7":{"loc":{"start":{"line":83,"column":111},"end":{"line":83,"column":134}},"type":"default-arg","locations":[{"start":{"line":83,"column":128},"end":{"line":83,"column":134}}],"line":83},"8":{"loc":{"start":{"line":86,"column":35},"end":{"line":86,"column":50}},"type":"binary-expr","locations":[{"start":{"line":86,"column":35},"end":{"line":86,"column":48}},{"start":{"line":86,"column":48},"end":{"line":86,"column":50}}],"line":86},"9":{"loc":{"start":{"line":87,"column":37},"end":{"line":87,"column":53}},"type":"binary-expr","locations":[{"start":{"line":87,"column":37},"end":{"line":87,"column":51}},{"start":{"line":87,"column":51},"end":{"line":87,"column":53}}],"line":87},"10":{"loc":{"start":{"line":97,"column":41},"end":{"line":97,"column":59}},"type":"binary-expr","locations":[{"start":{"line":97,"column":41},"end":{"line":97,"column":57}},{"start":{"line":97,"column":57},"end":{"line":97,"column":59}}],"line":97},"11":{"loc":{"start":{"line":110,"column":22},"end":{"line":110,"column":null}},"type":"binary-expr","locations":[{"start":{"line":110,"column":22},"end":{"line":110,"column":48}},{"start":{"line":110,"column":48},"end":{"line":110,"column":null}}],"line":110},"12":{"loc":{"start":{"line":111,"column":23},"end":{"line":111,"column":null}},"type":"binary-expr","locations":[{"start":{"line":111,"column":23},"end":{"line":111,"column":50}},{"start":{"line":111,"column":50},"end":{"line":111,"column":null}}],"line":111},"13":{"loc":{"start":{"line":114,"column":29},"end":{"line":114,"column":63}},"type":"if","locations":[{"start":{"line":114,"column":29},"end":{"line":114,"column":63}},{"start":{},"end":{}}],"line":114},"14":{"loc":{"start":{"line":129,"column":12},"end":{"line":129,"column":27}},"type":"binary-expr","locations":[{"start":{"line":129,"column":12},"end":{"line":129,"column":25}},{"start":{"line":129,"column":25},"end":{"line":129,"column":27}}],"line":129},"15":{"loc":{"start":{"line":130,"column":13},"end":{"line":130,"column":29}},"type":"binary-expr","locations":[{"start":{"line":130,"column":13},"end":{"line":130,"column":27}},{"start":{"line":130,"column":27},"end":{"line":130,"column":29}}],"line":130},"16":{"loc":{"start":{"line":133,"column":15},"end":{"line":133,"column":33}},"type":"binary-expr","locations":[{"start":{"line":133,"column":15},"end":{"line":133,"column":31}},{"start":{"line":133,"column":31},"end":{"line":133,"column":33}}],"line":133},"17":{"loc":{"start":{"line":145,"column":12},"end":{"line":145,"column":null}},"type":"binary-expr","locations":[{"start":{"line":145,"column":12},"end":{"line":145,"column":27}},{"start":{"line":145,"column":27},"end":{"line":145,"column":null}}],"line":145},"18":{"loc":{"start":{"line":146,"column":11},"end":{"line":146,"column":null}},"type":"binary-expr","locations":[{"start":{"line":146,"column":11},"end":{"line":146,"column":25}},{"start":{"line":146,"column":25},"end":{"line":146,"column":null}}],"line":146},"19":{"loc":{"start":{"line":147,"column":12},"end":{"line":147,"column":null}},"type":"binary-expr","locations":[{"start":{"line":147,"column":12},"end":{"line":147,"column":27}},{"start":{"line":147,"column":27},"end":{"line":147,"column":null}}],"line":147},"20":{"loc":{"start":{"line":150,"column":13},"end":{"line":150,"column":null}},"type":"binary-expr","locations":[{"start":{"line":150,"column":13},"end":{"line":150,"column":38}},{"start":{"line":150,"column":38},"end":{"line":150,"column":null}}],"line":150},"21":{"loc":{"start":{"line":164,"column":4},"end":{"line":167,"column":null}},"type":"if","locations":[{"start":{"line":164,"column":4},"end":{"line":167,"column":null}},{"start":{},"end":{}}],"line":164},"22":{"loc":{"start":{"line":172,"column":4},"end":{"line":172,"column":null}},"type":"if","locations":[{"start":{"line":172,"column":4},"end":{"line":172,"column":null}},{"start":{},"end":{}}],"line":172},"23":{"loc":{"start":{"line":182,"column":61},"end":{"line":182,"column":94}},"type":"binary-expr","locations":[{"start":{"line":182,"column":61},"end":{"line":182,"column":79}},{"start":{"line":182,"column":79},"end":{"line":182,"column":94}}],"line":182},"24":{"loc":{"start":{"line":190,"column":4},"end":{"line":190,"column":null}},"type":"if","locations":[{"start":{"line":190,"column":4},"end":{"line":190,"column":null}},{"start":{},"end":{}}],"line":190},"25":{"loc":{"start":{"line":190,"column":8},"end":{"line":190,"column":40}},"type":"binary-expr","locations":[{"start":{"line":190,"column":8},"end":{"line":190,"column":17}},{"start":{"line":190,"column":17},"end":{"line":190,"column":40}}],"line":190},"26":{"loc":{"start":{"line":201,"column":4},"end":{"line":201,"column":null}},"type":"if","locations":[{"start":{"line":201,"column":4},"end":{"line":201,"column":null}},{"start":{},"end":{}}],"line":201},"27":{"loc":{"start":{"line":201,"column":8},"end":{"line":201,"column":37}},"type":"binary-expr","locations":[{"start":{"line":201,"column":8},"end":{"line":201,"column":24}},{"start":{"line":201,"column":24},"end":{"line":201,"column":37}}],"line":201},"28":{"loc":{"start":{"line":218,"column":4},"end":{"line":218,"column":null}},"type":"if","locations":[{"start":{"line":218,"column":4},"end":{"line":218,"column":null}},{"start":{},"end":{}}],"line":218},"29":{"loc":{"start":{"line":227,"column":13},"end":{"line":230,"column":13}},"type":"binary-expr","locations":[{"start":{"line":227,"column":13},"end":{"line":227,"column":null}},{"start":{"line":228,"column":14},"end":{"line":230,"column":13}}],"line":227},"30":{"loc":{"start":{"line":237,"column":15},"end":{"line":251,"column":null}},"type":"cond-expr","locations":[{"start":{"line":238,"column":16},"end":{"line":241,"column":null}},{"start":{"line":241,"column":18},"end":{"line":251,"column":null}}],"line":237},"31":{"loc":{"start":{"line":241,"column":18},"end":{"line":251,"column":null}},"type":"cond-expr","locations":[{"start":{"line":242,"column":16},"end":{"line":251,"column":17}},{"start":{"line":251,"column":16},"end":{"line":251,"column":null}}],"line":241},"32":{"loc":{"start":{"line":255,"column":15},"end":{"line":366,"column":null}},"type":"cond-expr","locations":[{"start":{"line":256,"column":16},"end":{"line":355,"column":null}},{"start":{"line":355,"column":16},"end":{"line":366,"column":null}}],"line":255},"33":{"loc":{"start":{"line":281,"column":54},"end":{"line":281,"column":null}},"type":"cond-expr","locations":[{"start":{"line":281,"column":68},"end":{"line":281,"column":98}},{"start":{"line":281,"column":98},"end":{"line":281,"column":null}}],"line":281},"34":{"loc":{"start":{"line":282,"column":23},"end":{"line":284,"column":null}},"type":"cond-expr","locations":[{"start":{"line":283,"column":26},"end":{"line":283,"column":null}},{"start":{"line":284,"column":26},"end":{"line":284,"column":null}}],"line":282},"35":{"loc":{"start":{"line":293,"column":23},"end":{"line":293,"column":null}},"type":"cond-expr","locations":[{"start":{"line":293,"column":40},"end":{"line":293,"column":56}},{"start":{"line":293,"column":56},"end":{"line":293,"column":null}}],"line":293},"36":{"loc":{"start":{"line":309,"column":56},"end":{"line":309,"column":null}},"type":"cond-expr","locations":[{"start":{"line":309,"column":69},"end":{"line":309,"column":81}},{"start":{"line":309,"column":81},"end":{"line":309,"column":null}}],"line":309},"37":{"loc":{"start":{"line":313,"column":23},"end":{"line":313,"column":null}},"type":"cond-expr","locations":[{"start":{"line":313,"column":36},"end":{"line":313,"column":53}},{"start":{"line":313,"column":53},"end":{"line":313,"column":null}}],"line":313},"38":{"loc":{"start":{"line":315,"column":21},"end":{"line":322,"column":null}},"type":"binary-expr","locations":[{"start":{"line":315,"column":21},"end":{"line":315,"column":null}},{"start":{"line":316,"column":22},"end":{"line":322,"column":null}}],"line":315},"39":{"loc":{"start":{"line":325,"column":52},"end":{"line":325,"column":null}},"type":"cond-expr","locations":[{"start":{"line":325,"column":67},"end":{"line":325,"column":97}},{"start":{"line":325,"column":97},"end":{"line":325,"column":null}}],"line":325},"40":{"loc":{"start":{"line":326,"column":21},"end":{"line":328,"column":null}},"type":"cond-expr","locations":[{"start":{"line":327,"column":24},"end":{"line":327,"column":null}},{"start":{"line":328,"column":24},"end":{"line":328,"column":null}}],"line":326},"41":{"loc":{"start":{"line":338,"column":29},"end":{"line":338,"column":null}},"type":"binary-expr","locations":[{"start":{"line":338,"column":29},"end":{"line":338,"column":39}},{"start":{"line":338,"column":39},"end":{"line":338,"column":null}}],"line":338},"42":{"loc":{"start":{"line":343,"column":21},"end":{"line":350,"column":null}},"type":"binary-expr","locations":[{"start":{"line":343,"column":21},"end":{"line":343,"column":null}},{"start":{"line":344,"column":22},"end":{"line":350,"column":null}}],"line":343},"43":{"loc":{"start":{"line":371,"column":11},"end":{"line":386,"column":null}},"type":"binary-expr","locations":[{"start":{"line":371,"column":11},"end":{"line":371,"column":23}},{"start":{"line":371,"column":23},"end":{"line":371,"column":null}},{"start":{"line":372,"column":12},"end":{"line":386,"column":null}}],"line":371},"44":{"loc":{"start":{"line":377,"column":25},"end":{"line":377,"column":null}},"type":"cond-expr","locations":[{"start":{"line":377,"column":44},"end":{"line":377,"column":53}},{"start":{"line":377,"column":53},"end":{"line":377,"column":null}}],"line":377},"45":{"loc":{"start":{"line":390,"column":13},"end":{"line":398,"column":null}},"type":"binary-expr","locations":[{"start":{"line":390,"column":13},"end":{"line":390,"column":null}},{"start":{"line":391,"column":14},"end":{"line":398,"column":null}}],"line":390},"46":{"loc":{"start":{"line":392,"column":46},"end":{"line":392,"column":null}},"type":"cond-expr","locations":[{"start":{"line":392,"column":62},"end":{"line":392,"column":74}},{"start":{"line":392,"column":74},"end":{"line":392,"column":null}}],"line":392},"47":{"loc":{"start":{"line":396,"column":53},"end":{"line":396,"column":85}},"type":"cond-expr","locations":[{"start":{"line":396,"column":69},"end":{"line":396,"column":75}},{"start":{"line":396,"column":75},"end":{"line":396,"column":85}}],"line":396},"48":{"loc":{"start":{"line":397,"column":17},"end":{"line":397,"column":null}},"type":"cond-expr","locations":[{"start":{"line":397,"column":33},"end":{"line":397,"column":47}},{"start":{"line":397,"column":47},"end":{"line":397,"column":null}}],"line":397},"49":{"loc":{"start":{"line":401,"column":44},"end":{"line":401,"column":null}},"type":"cond-expr","locations":[{"start":{"line":401,"column":58},"end":{"line":401,"column":70}},{"start":{"line":401,"column":70},"end":{"line":401,"column":null}}],"line":401},"50":{"loc":{"start":{"line":405,"column":15},"end":{"line":405,"column":null}},"type":"cond-expr","locations":[{"start":{"line":405,"column":29},"end":{"line":405,"column":52}},{"start":{"line":405,"column":52},"end":{"line":405,"column":null}}],"line":405},"51":{"loc":{"start":{"line":407,"column":13},"end":{"line":415,"column":null}},"type":"binary-expr","locations":[{"start":{"line":407,"column":13},"end":{"line":407,"column":null}},{"start":{"line":408,"column":14},"end":{"line":415,"column":null}}],"line":407},"52":{"loc":{"start":{"line":421,"column":13},"end":{"line":432,"column":null}},"type":"cond-expr","locations":[{"start":{"line":422,"column":14},"end":{"line":423,"column":21}},{"start":{"line":423,"column":16},"end":{"line":432,"column":null}}],"line":421},"53":{"loc":{"start":{"line":423,"column":16},"end":{"line":432,"column":null}},"type":"cond-expr","locations":[{"start":{"line":424,"column":14},"end":{"line":430,"column":15}},{"start":{"line":430,"column":14},"end":{"line":432,"column":null}}],"line":423},"54":{"loc":{"start":{"line":439,"column":13},"end":{"line":459,"column":null}},"type":"cond-expr","locations":[{"start":{"line":440,"column":14},"end":{"line":457,"column":15}},{"start":{"line":457,"column":14},"end":{"line":459,"column":null}}],"line":439},"55":{"loc":{"start":{"line":444,"column":21},"end":{"line":453,"column":null}},"type":"binary-expr","locations":[{"start":{"line":444,"column":21},"end":{"line":444,"column":null}},{"start":{"line":445,"column":22},"end":{"line":453,"column":null}}],"
[...]
:16:104:28":8,"s:105:20:105:76":38,"f:105:38:105:39":9,"s:105:45:105:58":39,"s:106:20:106:59":40,"f:106:38:106:39":10,"s:106:45:106:58":41,"s:107:16:126:5":42,"f:107:30:107:31":11,"s:107:41:126:3":43,"f:110:14:110:15":12,"s:110:21:110:58":44,"b:110:21:110:42:110:46:110:58":12,"f:112:11:112:12":13,"b:113:8:123:9:undefined:undefined:undefined:undefined":13,"s:113:8:123:9":45,"s:114:10:122:11":46,"f:119:22:119:23":14,"s:119:29:119:52":47,"f:121:19:121:20":15,"s:121:27:121:71":48,"s:124:8:124:65":49,"s:127:2:127:18":50,"f:132:16:132:28":16,"s:133:14:133:22":51,"s:134:16:134:18":52,"s:135:16:135:18":53,"s:136:24:136:57":54,"s:137:2:159:4":55,"f:137:23:137:24":17,"s:138:19:138:49":56,"b:138:19:138:26:138:30:138:49":14,"s:139:4:139:94":57,"s:140:26:140:57":58,"s:141:4:158:6":59,"f:141:23:141:24":18,"s:142:56:142:60":60,"s:143:21:143:46":61,"b:143:21:143:23:143:27:143:46":15,"s:144:6:147:8":62,"b:148:6:157:7:undefined:undefined:undefined:undefined":16,"s:148:6:157:7":63,"b:148:10:148:27:148:31:148:54":17,"s:149:31:149:60":64,"s:150:8:156:10":65,"f:150:25:150:26":19,"s:151:69:151:74":66,"s:152:10:155:12":67,"b:153:16:153:23:153:27:153:46":18,"s:160:2:160:25":68,"f:170:16:170:25":20,"b:170:56:170:58":19,"s:171:21:178:3":69,"f:171:21:171:22":21,"s:172:17:172:56":70,"f:172:38:172:39":22,"s:172:45:172:54":71,"s:173:4:176:5":72,"s:174:23:174:45":73,"b:175:6:175:90:undefined:undefined:undefined:undefined":20,"s:175:6:175:90":74,"b:175:10:175:19:175:23:175:55":21,"s:175:57:175:90":75,"s:177:4:177:29":76,"s:180:14:180:59":77,"s:181:16:181:61":78,"b:183:2:190:3:undefined:undefined:undefined:undefined":22,"s:183:2:190:3":79,"b:183:6:183:31:183:35:183:78":23,"f:183:57:183:58":23,"s:183:64:183:77":80,"s:184:26:184:68":81,"f:184:55:184:56":24,"s:184:62:184:66":82,"s:185:23:185:51":83,"b:185:23:185:38:185:42:185:51":24,"s:186:4:189:6":84,"f:186:25:186:26":25,"b:187:6:187:95:undefined:undefined:undefined:undefined":25,"s:187:6:187:95":85,"b:187:10:187:25:187:29:187:55:187:59:187:82":26,"s:187:84:187:95":86,"s:188:6:188:70":87,"f:188:24:188:25":26,"s:188:31:188:69":88,"b:188:31:188:44:188:48:188:69":27,"s:192:2:192:25":89,"f:196:16:196:30":27,"b:197:2:197:56:undefined:undefined:undefined:undefined":28,"s:197:2:197:56":90,"f:197:22:197:23":28,"s:197:29:197:42":91,"s:197:45:197:56":92,"s:198:2:206:3":93,"f:211:22:211:30":29,"s:212:31:215:4":94,"b:216:2:216:66:undefined:undefined:undefined:undefined":29,"s:216:2:216:66":95,"b:216:6:216:20:216:24:216:38":30,"s:216:40:216:66":96,"s:217:2:217:79":97,"f:220:22:220:30":30,"s:221:16:221:55":98,"f:221:16:221:17":31,"s:221:51:221:55":99,"s:222:20:225:4":100,"s:226:2:226:43":101,"b:226:27:226:34:226:37:226:41":31,"f:230:16:230:34":32,"s:231:18:243:16":102,"f:236:6:236:7":33,"b:236:21:236:69:undefined:undefined:undefined:undefined":32,"s:236:21:236:69":103,"s:236:42:236:69":104,"f:241:6:241:7":34,"b:241:21:241:69:undefined:undefined:undefined:undefined":33,"s:241:21:241:69":105,"s:241:42:241:69":106,"s:244:2:244:46":107,"f:244:9:244:10":35,"s:244:15:244:46":108},"fnNames":{}}}
,"C:\\Users\\Sam\\ai-coding\\webtop\\.claude\\worktrees\\agent1-android-app\\src\\utils\\tags.js": {"path":"C:\\Users\\Sam\\ai-coding\\webtop\\.claude\\worktrees\\agent1-android-app\\src\\utils\\tags.js","statementMap":{"0":{"start":{"line":6,"column":23},"end":{"line":6,"column":25}},"1":{"start":{"line":11,"column":2},"end":{"line":11,"column":40}},"2":{"start":{"line":11,"column":31},"end":{"line":11,"column":40}},"3":{"start":{"line":12,"column":2},"end":{"line":12,"column":79}},"4":{"start":{"line":17,"column":32},"end":{"line":17,"column":47}},"5":{"start":{"line":20,"column":2},"end":{"line":20,"column":25}},"6":{"start":{"line":26,"column":2},"end":{"line":26,"column":26}},"7":{"start":{"line":26,"column":15},"end":{"line":26,"column":26}},"8":{"start":{"line":27,"column":2},"end":{"line":27,"column":58}},"9":{"start":{"line":27,"column":35},"end":{"line":27,"column":58}},"10":{"start":{"line":28,"column":2},"end":{"line":28,"column":29}},"11":{"start":{"line":33,"column":2},"end":{"line":33,"column":51}},"12":{"start":{"line":37,"column":2},"end":{"line":37,"column":36}},"13":{"start":{"line":42,"column":15},"end":{"line":42,"column":24}},"14":{"start":{"line":43,"column":17},"end":{"line":43,"column":19}},"15":{"start":{"line":44,"column":2},"end":{"line":50,"column":3}},"16":{"start":{"line":45,"column":16},"end":{"line":45,"column":33}},"17":{"start":{"line":46,"column":4},"end":{"line":49,"column":5}},"18":{"start":{"line":47,"column":6},"end":{"line":47,"column":19}},"19":{"start":{"line":48,"column":6},"end":{"line":48,"column":22}},"20":{"start":{"line":51,"column":2},"end":{"line":51,"column":15}},"21":{"start":{"line":60,"column":17},"end":{"line":60,"column":19}},"22":{"start":{"line":61,"column":2},"end":{"line":72,"column":4}},"23":{"start":{"line":62,"column":4},"end":{"line":71,"column":6}},"24":{"start":{"line":63,"column":6},"end":{"line":70,"column":7}},"25":{"start":{"line":64,"column":8},"end":{"line":64,"column":54}},"26":{"start":{"line":65,"column":13},"end":{"line":70,"column":7}},"27":{"start":{"line":66,"column":8},"end":{"line":66,"column":74}},"28":{"start":{"line":66,"column":28},"end":{"line":66,"column":74}},"29":{"start":{"line":67,"column":8},"end":{"line":69,"column":10}},"30":{"start":{"line":68,"column":10},"end":{"line":68,"column":68}},"31":{"start":{"line":73,"column":2},"end":{"line":73,"column":15}},"32":{"start":{"line":78,"column":17},"end":{"line":78,"column":26}},"33":{"start":{"line":79,"column":2},"end":{"line":83,"column":3}},"34":{"start":{"line":80,"column":4},"end":{"line":82,"column":5}},"35":{"start":{"line":81,"column":6},"end":{"line":81,"column":49}},"36":{"start":{"line":84,"column":2},"end":{"line":86,"column":47}},"37":{"start":{"line":85,"column":28},"end":{"line":85,"column":42}},"38":{"start":{"line":86,"column":20},"end":{"line":86,"column":46}},"39":{"start":{"line":91,"column":2},"end":{"line":91,"column":22}},"40":{"start":{"line":91,"column":10},"end":{"line":91,"column":22}},"41":{"start":{"line":92,"column":2},"end":{"line":92,"column":67}},"42":{"start":{"line":92,"column":56},"end":{"line":92,"column":67}},"43":{"start":{"line":93,"column":2},"end":{"line":96,"column":3}},"44":{"start":{"line":94,"column":4},"end":{"line":94,"column":67}},"45":{"start":{"line":94,"column":56},"end":{"line":94,"column":67}},"46":{"start":{"line":95,"column":4},"end":{"line":95,"column":65}},"47":{"start":{"line":95,"column":36},"end":{"line":95,"column":51}},"48":{"start":{"line":95,"column":54},"end":{"line":95,"column":65}},"49":{"start":{"line":97,"column":2},"end":{"line":97,"column":14}},"50":{"start":{"line":101,"column":2},"end":{"line":101,"column":87}}},"fnMap":{"0":{"name":"normalizeTag","decl":{"start":{"line":10,"column":16},"end":{"line":10,"column":28}},"loc":{"start":{"line":10,"column":34},"end":{"line":13,"column":1}},"line":10},"1":{"name":"isFavorite","decl":{"start":{"line":19,"column":16},"end":{"line":19,"column":26}},"loc":{"start":{"line":19,"column":33},"end":{"line":21,"column":1}},"line":19},"2":{"name":"itemMatchesFilter","decl":{"start":{"line":25,"column":16},"end":{"line":25,"column":33}},"loc":{"start":{"line":25,"column":48},"end":{"line":29,"column":1}},"line":25},"3":{"name":"getTags","decl":{"start":{"line":32,"column":16},"end":{"line":32,"column":23}},"loc":{"start":{"line":32,"column":30},"end":{"line":34,"column":1}},"line":32},"4":{"name":"hasTag","decl":{"start":{"line":36,"column":16},"end":{"line":36,"column":22}},"loc":{"start":{"line":36,"column":34},"end":{"line":38,"column":1}},"line":36},"5":{"name":"normalizeTagList","decl":{"start":{"line":41,"column":16},"end":{"line":41,"column":32}},"loc":{"start":{"line":41,"column":39},"end":{"line":52,"column":1}},"line":41},"6":{"name":"flattenBookmarks","decl":{"start":{"line":59,"column":16},"end":{"line":59,"column":32}},"loc":{"start":{"line":59,"column":72},"end":{"line":74,"column":1}},"line":59},"7":{"name":"(anonymous_7)","decl":{"start":{"line":61,"column":21},"end":{"line":61,"column":22}},"loc":{"start":{"line":61,"column":40},"end":{"line":72,"column":3}},"line":61},"8":{"name":"(anonymous_8)","decl":{"start":{"line":62,"column":23},"end":{"line":62,"column":24}},"loc":{"start":{"line":62,"column":33},"end":{"line":71,"column":5}},"line":62},"9":{"name":"(anonymous_9)","decl":{"start":{"line":67,"column":27},"end":{"line":67,"column":28}},"loc":{"start":{"line":67,"column":38},"end":{"line":69,"column":9}},"line":67},"10":{"name":"allTags","decl":{"start":{"line":77,"column":16},"end":{"line":77,"column":23}},"loc":{"start":{"line":77,"column":30},"end":{"line":87,"column":1}},"line":77},"11":{"name":"(anonymous_11)","decl":{"start":{"line":85,"column":9},"end":{"line":85,"column":10}},"loc":{"start":{"line":85,"column":28},"end":{"line":85,"column":42}},"line":85},"12":{"name":"(anonymous_12)","decl":{"start":{"line":86,"column":10},"end":{"line":86,"column":11}},"loc":{"start":{"line":86,"column":20},"end":{"line":86,"column":46}},"line":86},"13":{"name":"itemMatchesQuery","decl":{"start":{"line":90,"column":16},"end":{"line":90,"column":32}},"loc":{"start":{"line":90,"column":42},"end":{"line":98,"column":1}},"line":90},"14":{"name":"(anonymous_14)","decl":{"start":{"line":95,"column":27},"end":{"line":95,"column":28}},"loc":{"start":{"line":95,"column":36},"end":{"line":95,"column":51}},"line":95},"15":{"name":"compareByName","decl":{"start":{"line":100,"column":16},"end":{"line":100,"column":29}},"loc":{"start":{"line":100,"column":36},"end":{"line":102,"column":1}},"line":100}},"branchMap":{"0":{"loc":{"start":{"line":11,"column":2},"end":{"line":11,"column":40}},"type":"if","locations":[{"start":{"line":11,"column":2},"end":{"line":11,"column":40}},{"start":{},"end":{}}],"line":11},"1":{"loc":{"start":{"line":26,"column":2},"end":{"line":26,"column":26}},"type":"if","locations":[{"start":{"line":26,"column":2},"end":{"line":26,"column":26}},{"start":{},"end":{}}],"line":26},"2":{"loc":{"start":{"line":27,"column":2},"end":{"line":27,"column":58}},"type":"if","locations":[{"start":{"line":27,"column":2},"end":{"line":27,"column":58}},{"start":{},"end":{}}],"line":27},"3":{"loc":{"start":{"line":33,"column":9},"end":{"line":33,"column":51}},"type":"cond-expr","locations":[{"start":{"line":33,"column":37},"end":{"line":33,"column":46}},{"start":{"line":33,"column":49},"end":{"line":33,"column":51}}],"line":33},"4":{"loc":{"start":{"line":44,"column":20},"end":{"line":44,"column":30}},"type":"binary-expr","locations":[{"start":{"line":44,"column":20},"end":{"line":44,"column":24}},{"start":{"line":44,"column":28},"end":{"line":44,"column":30}}],"line":44},"5":{"loc":{"start":{"line":46,"column":4},"end":{"line":49,"column":5}},"type":"if","locations":[{"start":{"line":46,"column":4},"end":{"line":49,"column":5}},{"start":{},"end":{}}],"line":46},"6":{"loc":{"start":{"line":46,"column":8},"end":{"line":46,"column":29}},"type":"binary-expr","locations":[{"start":{"line":46,"column":8},"end":{"line":46,"column":11}},{"start":{"line":46,"column":15},"end":{"line":46,"column":29}}],"line":46},"7":{"loc":{"start":{"line":59,"column":39},"end":{"line":59,"column":70}},"type":"default-arg","locations":[{"start":{"line":59,"column":68},"end":{"line":59,"column":70}}],"line":59},"8":{"loc":{"start":{"line":59,"column":41},"end":{"line":59,"column":63}},"type":"default-arg","locations":[{"start":{"line":59,"column":58},"end":{"line":59,"column":63}}],"line":59},"9":{"loc":{"start":{"line":63,"column":6},"end":{"line":70,"column":7}},"type":"if","locations":[{"start":{"line":63,"column":6},"end":{"line":70,"column":7}},{"start":{"line":65,"column":13},"end":{"line":70,"column":7}}],"line":63},"10":{"loc":{"start":{"line":65,"column":13},"end":{"line":70,"column":7}},"type":"if","locations":[{"start":{"line":65,"column":13},"end":{"line":70,"column":7}},{"start":{},"end":{}}],"line":65},"11":{"loc":{"start":{"line":66,"column":8},"end":{"line":66,"column":74}},"type":"if","locations":[{"start":{"line":66,"column":8},"end":{"line":66,"column":74}},{"start":{},"end":{}}],"line":66},"12":{"loc":{"start":{"line":81,"column":23},"end":{"line":81,"column":43}},"type":"binary-expr","locations":[{"start":{"line":81,"column":23},"end":{"line":81,"column":38}},{"start":{"line":81,"column":42},"end":{"line":81,"column":43}}],"line":81},"13":{"loc":{"start":{"line":91,"column":2},"end":{"line":91,"column":22}},"type":"if","locations":[{"start":{"line":91,"column":2},"end":{"line":91,"column":22}},{"start":{},"end":{}}],"line":91},"14":{"loc":{"start":{"line":92,"column":2},"end":{"line":92,"column":67}},"type":"if","locations":[{"start":{"line":92,"column":2},"end":{"line":92,"column":67}},{"start":{},"end":{}}],"line":92},"15":{"loc":{"start":{"line":92,"column":6},"end":{"line":92,"column":54}},"type":"binary-expr","locations":[{"start":{"line":92,"column":6},"end":{"line":92,"column":15}},{"start":{"line":92,"column":19},"end":{"line":92,"column":54}}],"line":92},"16":{"loc":{"start":{"line":93,"column":2},"end":{"line":96,"column":3}},"type":"if","locations":[{"start":{"line":93,"column":2},"end":{"line":96,"column":3}},{"start":{},"end":{}}],"line":93},"17":{"loc":{"start":{"line":94,"column":4},"end":{"line":94,"column":67}},"type":"if","locations":[{"start":{"line":94,"column":4},"end":{"line":94,"column":67}},{"start":{},"end":{}}],"line":94},"18":{"loc":{"start":{"line":94,"column":8},"end":{"line":94,"column":54}},"type":"binary-expr","locations":[{"start":{"line":94,"column":8},"end":{"line":94,"column":16}},{"start":{"line":94,"column":20},"end":{"line":94,"column":54}}],"line":94},"19":{"loc":{"start":{"line":95,"column":4},"end":{"line":95,"column":65}},"type":"if","locations":[{"start":{"line":95,"column":4},"end":{"line":95,"column":65}},{"start":{},"end":{}}],"line":95},"20":{"loc":{"start":{"line":101,"column":10},"end":{"line":101,"column":22}},"type":"binary-expr","locations":[{"start":{"line":101,"column":10},"end":{"line":101,"column":16}},{"start":{"line":101,"column":20},"end":{"line":101,"column":22}}],"line":101},"21":{"loc":{"start":{"line":101,"column":38},"end":{"line":101,"column":50}},"type":"binary-expr","locations":[{"start":{"line":101,"column":38},"end":{"line":101,"column":44}},{"start":{"line":101,"column":48},"end":{"line":101,"column":50}}],"line":101}},"s":{"0":6,"1":20,"2":2,"3":18,"4":6,"5":8,"6":114,"7":104,"8":10,"9":5,"10":5,"11":503,"12":6,"13":12,"14":12,"15":12,"16":16,"17":16,"18":12,"19":12,"20":12,"21":122,"22":122,"23":223,"24":324,"25":223,"26":101,"27":101,"28":45,"29":101,"30":101,"31":122,"32":50,"33":50,"34":150,"35":199,"36":50,"37":149,"38":197,"39":198,"40":1,"41":197,"42":58,"43":139,"44":121,"45":3,"46":118,"47":142,"48":52,"49":84,"50":2},"f":{"0":20,"1":8,"2":114,"3":503,"4":6,"5":12,"6":122,"7":223,"8":324,"9":101,"10":50,"11":149,"12":197,"13":198,"14":142,"15":2},"b":{"0":[2,18],"1":[104,10],"2":[5,5],"3":[468,35],"4":[12,1],"5":[12,4],"6":[16,14],"7":[122],"8":[122],"9":[223,101],"10":[101,0],"11":[45,56],"12":[199,149],"13":[1,197],"14":[58,139],"15":[197,197],"16":[121,18],"17":[3,118],"18":[121,121],"19":[52,66],"20":[2,1],"21":[2,0]},"meta":{"lastBranch":22,"lastFunction":16,"lastStatement":51,"seen":{"s:6:23:6:25":0,"f:10:16:10:28":0,"b:11:2:11:40:undefined:undefined:undefined:undefined":0,"s:11:2:11:40":1,"s:11:31:11:40":2,"s:12:2:12:79":3,"s:17:32:17:47":4,"f:19:16:19:26":1,"s:20:2:20:25":5,"f:25:16:25:33":2,"b:26:2:26:26:undefined:undefined:undefined:undefined":1,"s:26:2:26:26":6,"s:26:15:26:26":7,"b:27:2:27:58:undefined:undefined:undefined:undefined":2,"s:27:2:27:58":8,"s:27:35:27:58":9,"s:28:2:28:29":10,"f:32:16:32:23":3,"s:33:2:33:51":11,"b:33:37:33:46:33:49:33:51":3,"f:36:16:36:22":4,"s:37:2:37:36":12,"f:41:16:41:32":5,"s:42:15:42:24":13,"s:43:17:43:19":14,"s:44:2:50:3":15,"b:44:20:44:24:44:28:44:30":4,"s:45:16:45:33":16,"b:46:4:49:5:undefined:undefined:undefined:undefined":5,"s:46:4:49:5":17,"b:46:8:46:11:46:15:46:29":6,"s:47:6:47:19":18,"s:48:6:48:22":19,"s:51:2:51:15":20,"f:59:16:59:32":6,"b:59:68:59:70":7,"b:59:58:59:63":8,"s:60:17:60:19":21,"s:61:2:72:4":22,"f:61:21:61:22":7,"s:62:4:71:6":23,"f:62:23:62:24":8,"b:63:6:70:7:65:13:70:7":9,"s:63:6:70:7":24,"s:64:8:64:54":25,"b:65:13:70:7:undefined:undefined:undefined:undefined":10,"s:65:13:70:7":26,"b:66:8:66:74:undefined:undefined:undefined:undefined":11,"s:66:8:66:74":27,"s:66:28:66:74":28,"s:67:8:69:10":29,"f:67:27:67:28":9,"s:68:10:68:68":30,"s:73:2:73:15":31,"f:77:16:77:23":10,"s:78:17:78:26":32,"s:79:2:83:3":33,"s:80:4:82:5":34,"s:81:6:81:49":35,"b:81:23:81:38:81:42:81:43":12,"s:84:2:86:47":36,"f:85:9:85:10":11,"s:85:28:85:42":37,"f:86:10:86:11":12,"s:86:20:86:46":38,"f:90:16:90:32":13,"b:91:2:91:22:undefined:undefined:undefined:undefined":13,"s:91:2:91:22":39,"s:91:10:91:22":40,"b:92:2:92:67:undefined:undefined:undefined:undefined":14,"s:92:2:92:67":41,"b:92:6:92:15:92:19:92:54":15,"s:92:56:92:67":42,"b:93:2:96:3:undefined:undefined:undefined:undefined":16,"s:93:2:96:3":43,"b:94:4:94:67:undefined:undefined:undefined:undefined":17,"s:94:4:94:67":44,"b:94:8:94:16:94:20:94:54":18,"s:94:56:94:67":45,"b:95:4:95:65:undefined:undefined:undefined:undefined":19,"s:95:4:95:65":46,"f:95:27:95:28":14,"s:95:36:95:51":47,"s:95:54:95:65":48,"s:97:2:97:14":49,"f:100:16:100:29":15,"s:101:2:101:87":50,"b:101:10:101:16:101:20:101:22":20,"b:101:38:101:44:101:48:101:50":21},"fnNames":{}}}
,"C:\\Users\\Sam\\ai-coding\\webtop\\.claude\\worktrees\\agent1-android-app\\src\\utils\\uiScale.js": {"path":"C:\\Users\\Sam\\ai-coding\\webtop\\.claude\\worktrees\\agent1-android-app\\src\\utils\\uiScale.js","statementMap":{"0":{"start":{"line":12,"column":15},"end":{"line":12,"column":42}},"1":{"start":{"line":13,"column":2},"end":{"line":13,"column":36}},"2":{"start":{"line":18,"column":2},"end":{"line":18,"column":36}}},"fnMap":{"0":{"name":"uiScaleStyle","decl":{"start":{"line":11,"column":16},"end":{"line":11,"column":28}},"loc":{"start":{"line":11,"column":38},"end":{"line":14,"column":1}},"line":11},"1":{"name":"uiZoomFactor","decl":{"start":{"line":17,"column":16},"end":{"line":17,"column":28}},"loc":{"start":{"line":17,"column":38},"end":{"line":19,"column":1}},"line":17}},"branchMap":{},"s":{"0":5,"1":5,"2":2},"f":{"0":5,"1":2},"b":{},"meta":{"lastBranch":0,"lastFunction":2,"lastStatement":3,"seen":{"f:11:16:11:28":0,"s:12:15:12:42":0,"s:13:2:13:36":1,"f:17:16:17:28":1,"s:18:2:18:36":2},"fnNames":{}}}
,"C:\\Users\\Sam\\ai-coding\\webtop\\.claude\\worktrees\\agent1-android-app\\src\\utils\\url.js": {"path":"C:\\Users\\Sam\\ai-coding\\webtop\\.claude\\worktrees\\agent1-android-app\\src\\utils\\url.js","statementMap":{"0":{"start":{"line":2,"column":2},"end":{"line":8,"column":3}},"1":{"start":{"line":3,"column":4},"end":{"line":7,"column":5}},"2":{"start":{"line":4,"column":6},"end":{"line":4,"column":42}},"3":{"start":{"line":6,"column":6},"end":{"line":6,"column":19}},"4":{"start":{"line":9,"column":2},"end":{"line":9,"column":15}}},"fnMap":{"0":{"name":"resolveSubUrl","decl":{"start":{"line":1,"column":16},"end":{"line":1,"column":29}},"loc":{"start":{"line":1,"column":47},"end":{"line":10,"column":1}},"line":1}},"branchMap":{"0":{"loc":{"start":{"line":2,"column":2},"end":{"line":8,"column":3}},"type":"if","locations":[{"start":{"line":2,"column":2},"end":{"line":8,"column":3}},{"start":{},"end":{}}],"line":2},"1":{"loc":{"start":{"line":2,"column":6},"end":{"line":2,"column":69}},"type":"binary-expr","locations":[{"start":{"line":2,"column":6},"end":{"line":2,"column":35}},{"start":{"line":2,"column":39},"end":{"line":2,"column":69}}],"line":2}},"s":{"0":18,"1":18,"2":18,"3":0,"4":0},"f":{"0":18},"b":{"0":[18,0],"1":[18,18]},"meta":{"lastBranch":2,"lastFunction":1,"lastStatement":5,"seen":{"f:1:16:1:29":0,"b:2:2:8:3:undefined:undefined:undefined:undefined":0,"s:2:2:8:3":0,"b:2:6:2:35:2:39:2:69":1,"s:3:4:7:5":1,"s:4:6:4:42":2,"s:6:6:6:19":3,"s:9:2:9:15":4},"fnNames":{}}}
}
